CRITICAL - 2022-06-12 00:07:01 --> Cannot use object of type stdClass as array
in APPPATH\Views\CRUD\tambahDataCriteriaAtribut.php on line 34.
 1 SYSTEMPATH\View\View.php(213): include()
 2 SYSTEMPATH\View\View.php(216): CodeIgniter\View\View->CodeIgniter\View\{closure}()
 3 SYSTEMPATH\Common.php(1135): CodeIgniter\View\View->render('CRUD/tambahDataCriteriaAtribut', [], true)
 4 APPPATH\Controllers\ManipulasiDataCriteriaAtribut.php(66): view('CRUD/tambahDataCriteriaAtribut', [...])
 5 SYSTEMPATH\CodeIgniter.php(898): App\Controllers\ManipulasiDataCriteriaAtribut->create()
 6 SYSTEMPATH\CodeIgniter.php(468): CodeIgniter\CodeIgniter->runController(Object(App\Controllers\ManipulasiDataCriteriaAtribut))
 7 SYSTEMPATH\CodeIgniter.php(351): CodeIgniter\CodeIgniter->handleRequest(null, Object(Config\Cache), false)
 8 FCPATH\index.php(55): CodeIgniter\CodeIgniter->run()
 9 SYSTEMPATH\Commands\Server\rewrite.php(43): require_once('FCPATH\\index.php')
ERROR - 2022-06-12 00:11:45 --> Unknown column 'criteriaid' in 'where clause'
CRITICAL - 2022-06-12 00:11:45 --> Unknown column 'criteriaid' in 'where clause'
in SYSTEMPATH\Database\MySQLi\Connection.php on line 292.
 1 SYSTEMPATH\Database\MySQLi\Connection.php(292): mysqli->query('SELECT *
FROM `criteias`
WHERE `criteriaid` = \'C11\'
 LIMIT 1', 0)
 2 SYSTEMPATH\Database\BaseConnection.php(678): CodeIgniter\Database\MySQLi\Connection->execute('SELECT *
FROM `criteias`
WHERE `criteriaid` = \'C11\'
 LIMIT 1')
 3 SYSTEMPATH\Database\BaseConnection.php(606): CodeIgniter\Database\BaseConnection->simpleQuery('SELECT *
FROM `criteias`
WHERE `criteriaid` = \'C11\'
 LIMIT 1')
 4 SYSTEMPATH\Database\BaseBuilder.php(1585): CodeIgniter\Database\BaseConnection->query('SELECT *
FROM `criteias`
WHERE `criteriaid` = :criteriaid:
 LIMIT 1', [...], false)
 5 SYSTEMPATH\Model.php(249): CodeIgniter\Database\BaseBuilder->get()
 6 SYSTEMPATH\BaseModel.php(622): CodeIgniter\Model->doFirst()
 7 APPPATH\Controllers\ManipulasiDataCriteriaAtribut.php(76): CodeIgniter\BaseModel->first()
 8 SYSTEMPATH\CodeIgniter.php(898): App\Controllers\ManipulasiDataCriteriaAtribut->edit('C11')
 9 SYSTEMPATH\CodeIgniter.php(468): CodeIgniter\CodeIgniter->runController(Object(App\Controllers\ManipulasiDataCriteriaAtribut))
10 SYSTEMPATH\CodeIgniter.php(351): CodeIgniter\CodeIgniter->handleRequest(null, Object(Config\Cache), false)
11 FCPATH\index.php(55): CodeIgniter\CodeIgniter->run()
12 SYSTEMPATH\Commands\Server\rewrite.php(43): require_once('FCPATH\\index.php')
CRITICAL - 2022-06-12 00:12:53 --> Undefined variable $gt
in APPPATH\Views\CRUD\ubahDataCriteriaAtribut.php on line 38.
 1 APPPATH\Views\CRUD\ubahDataCriteriaAtribut.php(38): CodeIgniter\Debug\Exceptions->errorHandler(2, 'Undefined variable $gt', 'APPPATH\\Views\\CRUD\\ubahDataCriteriaAtribut.php', 38)
 2 SYSTEMPATH\View\View.php(213): include('APPPATH\\Views\\CRUD\\ubahDataCriteriaAtribut.php')
 3 SYSTEMPATH\View\View.php(216): CodeIgniter\View\View->CodeIgniter\View\{closure}()
 4 SYSTEMPATH\Common.php(1135): CodeIgniter\View\View->render('CRUD/ubahDataCriteriaAtribut', [], true)
 5 APPPATH\Controllers\ManipulasiDataCriteriaAtribut.php(117): view('CRUD/ubahDataCriteriaAtribut', [...])
 6 SYSTEMPATH\CodeIgniter.php(898): App\Controllers\ManipulasiDataCriteriaAtribut->edit('C11')
 7 SYSTEMPATH\CodeIgniter.php(468): CodeIgniter\CodeIgniter->runController(Object(App\Controllers\ManipulasiDataCriteriaAtribut))
 8 SYSTEMPATH\CodeIgniter.php(351): CodeIgniter\CodeIgniter->handleRequest(null, Object(Config\Cache), false)
 9 FCPATH\index.php(55): CodeIgniter\CodeIgniter->run()
10 SYSTEMPATH\Commands\Server\rewrite.php(43): require_once('FCPATH\\index.php')
CRITICAL - 2022-06-12 21:01:17 --> Trying to access array offset on value of type null
in APPPATH\Views\CRUD\ubahDataCriteriaAtribut.php on line 20.
 1 APPPATH\Views\CRUD\ubahDataCriteriaAtribut.php(20): CodeIgniter\Debug\Exceptions->errorHandler(2, 'Trying to access array offset on value of type null', 'APPPATH\\Views\\CRUD\\ubahDataCriteriaAtribut.php', 20)
 2 SYSTEMPATH\View\View.php(213): include('APPPATH\\Views\\CRUD\\ubahDataCriteriaAtribut.php')
 3 SYSTEMPATH\View\View.php(216): CodeIgniter\View\View->CodeIgniter\View\{closure}()
 4 SYSTEMPATH\Common.php(1135): CodeIgniter\View\View->render('CRUD/ubahDataCriteriaAtribut', [], true)
 5 APPPATH\Controllers\ManipulasiDataCriteriaAtributOption.php(129): view('CRUD/ubahDataCriteriaAtribut', [...])
 6 SYSTEMPATH\CodeIgniter.php(898): App\Controllers\ManipulasiDataCriteriaAtributOption->edit('CO33')
 7 SYSTEMPATH\CodeIgniter.php(468): CodeIgniter\CodeIgniter->runController(Object(App\Controllers\ManipulasiDataCriteriaAtributOption))
 8 SYSTEMPATH\CodeIgniter.php(351): CodeIgniter\CodeIgniter->handleRequest(null, Object(Config\Cache), false)
 9 FCPATH\index.php(55): CodeIgniter\CodeIgniter->run()
10 SYSTEMPATH\Commands\Server\rewrite.php(43): require_once('FCPATH\\index.php')
CRITICAL - 2022-06-12 21:01:50 --> Trying to access array offset on value of type null
in APPPATH\Views\CRUD\ubahDataCriteriaAtribut.php on line 20.
 1 APPPATH\Views\CRUD\ubahDataCriteriaAtribut.php(20): CodeIgniter\Debug\Exceptions->errorHandler(2, 'Trying to access array offset on value of type null', 'APPPATH\\Views\\CRUD\\ubahDataCriteriaAtribut.php', 20)
 2 SYSTEMPATH\View\View.php(213): include('APPPATH\\Views\\CRUD\\ubahDataCriteriaAtribut.php')
 3 SYSTEMPATH\View\View.php(216): CodeIgniter\View\View->CodeIgniter\View\{closure}()
 4 SYSTEMPATH\Common.php(1135): CodeIgniter\View\View->render('CRUD/ubahDataCriteriaAtribut', [], true)
 5 APPPATH\Controllers\ManipulasiDataCriteriaAtributOption.php(129): view('CRUD/ubahDataCriteriaAtribut', [...])
 6 SYSTEMPATH\CodeIgniter.php(898): App\Controllers\ManipulasiDataCriteriaAtributOption->edit('CO33')
 7 SYSTEMPATH\CodeIgniter.php(468): CodeIgniter\CodeIgniter->runController(Object(App\Controllers\ManipulasiDataCriteriaAtributOption))
 8 SYSTEMPATH\CodeIgniter.php(351): CodeIgniter\CodeIgniter->handleRequest(null, Object(Config\Cache), false)
 9 FCPATH\index.php(55): CodeIgniter\CodeIgniter->run()
10 SYSTEMPATH\Commands\Server\rewrite.php(43): require_once('FCPATH\\index.php')
CRITICAL - 2022-06-12 21:04:06 --> Invalid file: CRUD/ubahCriteriaAtribut.php
in SYSTEMPATH\Exceptions\FrameworkException.php on line 33.
 1 SYSTEMPATH\View\View.php(201): CodeIgniter\Exceptions\FrameworkException::forInvalidFile('CRUD/ubahCriteriaAtribut.php')
 2 SYSTEMPATH\Common.php(1135): CodeIgniter\View\View->render('CRUD/ubahCriteriaAtribut', [], true)
 3 APPPATH\Controllers\ManipulasiDataCriteriaAtributOption.php(129): view('CRUD/ubahCriteriaAtribut', [...])
 4 SYSTEMPATH\CodeIgniter.php(898): App\Controllers\ManipulasiDataCriteriaAtributOption->edit('CO33')
 5 SYSTEMPATH\CodeIgniter.php(468): CodeIgniter\CodeIgniter->runController(Object(App\Controllers\ManipulasiDataCriteriaAtributOption))
 6 SYSTEMPATH\CodeIgniter.php(351): CodeIgniter\CodeIgniter->handleRequest(null, Object(Config\Cache), false)
 7 FCPATH\index.php(55): CodeIgniter\CodeIgniter->run()
 8 SYSTEMPATH\Commands\Server\rewrite.php(43): require_once('FCPATH\\index.php')
CRITICAL - 2022-06-12 21:04:33 --> Undefined variable $dat
in APPPATH\Views\CRUD\ubahCriteriaValue.php on line 19.
 1 APPPATH\Views\CRUD\ubahCriteriaValue.php(19): CodeIgniter\Debug\Exceptions->errorHandler(2, 'Undefined variable $dat', 'APPPATH\\Views\\CRUD\\ubahCriteriaValue.php', 19)
 2 SYSTEMPATH\View\View.php(213): include('APPPATH\\Views\\CRUD\\ubahCriteriaValue.php')
 3 SYSTEMPATH\View\View.php(216): CodeIgniter\View\View->CodeIgniter\View\{closure}()
 4 SYSTEMPATH\Common.php(1135): CodeIgniter\View\View->render('CRUD/ubahCriteriaValue', [], true)
 5 APPPATH\Controllers\ManipulasiDataCriteriaAtributOption.php(129): view('CRUD/ubahCriteriaValue', [...])
 6 SYSTEMPATH\CodeIgniter.php(898): App\Controllers\ManipulasiDataCriteriaAtributOption->edit('CO33')
 7 SYSTEMPATH\CodeIgniter.php(468): CodeIgniter\CodeIgniter->runController(Object(App\Controllers\ManipulasiDataCriteriaAtributOption))
 8 SYSTEMPATH\CodeIgniter.php(351): CodeIgniter\CodeIgniter->handleRequest(null, Object(Config\Cache), false)
 9 FCPATH\index.php(55): CodeIgniter\CodeIgniter->run()
10 SYSTEMPATH\Commands\Server\rewrite.php(43): require_once('FCPATH\\index.php')
CRITICAL - 2022-06-12 21:06:31 --> Trying to access array offset on value of type null
in APPPATH\Views\CRUD\ubahCriteriaValue.php on line 19.
 1 APPPATH\Views\CRUD\ubahCriteriaValue.php(19): CodeIgniter\Debug\Exceptions->errorHandler(2, 'Trying to access array offset on value of type null', 'APPPATH\\Views\\CRUD\\ubahCriteriaValue.php', 19)
 2 SYSTEMPATH\View\View.php(213): include('APPPATH\\Views\\CRUD\\ubahCriteriaValue.php')
 3 SYSTEMPATH\View\View.php(216): CodeIgniter\View\View->CodeIgniter\View\{closure}()
 4 SYSTEMPATH\Common.php(1135): CodeIgniter\View\View->render('CRUD/ubahCriteriaValue', [], true)
 5 APPPATH\Controllers\ManipulasiDataCriteriaAtributOption.php(129): view('CRUD/ubahCriteriaValue', [...])
 6 SYSTEMPATH\CodeIgniter.php(898): App\Controllers\ManipulasiDataCriteriaAtributOption->edit('CO33')
 7 SYSTEMPATH\CodeIgniter.php(468): CodeIgniter\CodeIgniter->runController(Object(App\Controllers\ManipulasiDataCriteriaAtributOption))
 8 SYSTEMPATH\CodeIgniter.php(351): CodeIgniter\CodeIgniter->handleRequest(null, Object(Config\Cache), false)
 9 FCPATH\index.php(55): CodeIgniter\CodeIgniter->run()
10 SYSTEMPATH\Commands\Server\rewrite.php(43): require_once('FCPATH\\index.php')
CRITICAL - 2022-06-12 21:07:18 --> Trying to access array offset on value of type null
in APPPATH\Views\CRUD\ubahCriteriaValue.php on line 19.
 1 APPPATH\Views\CRUD\ubahCriteriaValue.php(19): CodeIgniter\Debug\Exceptions->errorHandler(2, 'Trying to access array offset on value of type null', 'APPPATH\\Views\\CRUD\\ubahCriteriaValue.php', 19)
 2 SYSTEMPATH\View\View.php(213): include('APPPATH\\Views\\CRUD\\ubahCriteriaValue.php')
 3 SYSTEMPATH\View\View.php(216): CodeIgniter\View\View->CodeIgniter\View\{closure}()
 4 SYSTEMPATH\Common.php(1135): CodeIgniter\View\View->render('CRUD/ubahCriteriaValue', [], true)
 5 APPPATH\Controllers\ManipulasiDataCriteriaAtributOption.php(129): view('CRUD/ubahCriteriaValue', [...])
 6 SYSTEMPATH\CodeIgniter.php(898): App\Controllers\ManipulasiDataCriteriaAtributOption->edit('CO33')
 7 SYSTEMPATH\CodeIgniter.php(468): CodeIgniter\CodeIgniter->runController(Object(App\Controllers\ManipulasiDataCriteriaAtributOption))
 8 SYSTEMPATH\CodeIgniter.php(351): CodeIgniter\CodeIgniter->handleRequest(null, Object(Config\Cache), false)
 9 FCPATH\index.php(55): CodeIgniter\CodeIgniter->run()
10 SYSTEMPATH\Commands\Server\rewrite.php(43): require_once('FCPATH\\index.php')
CRITICAL - 2022-06-12 21:15:03 --> Call to undefined method CodeIgniter\View\View::emdSection()
in APPPATH\Views\CRUD\ubahCriteriaValue.php on line 66.
 1 SYSTEMPATH\View\View.php(213): include()
 2 SYSTEMPATH\View\View.php(216): CodeIgniter\View\View->CodeIgniter\View\{closure}()
 3 SYSTEMPATH\Common.php(1135): CodeIgniter\View\View->render('CRUD/ubahCriteriaValue', [], true)
 4 APPPATH\Controllers\ManipulasiDataCriteriaAtributOption.php(129): view('CRUD/ubahCriteriaValue', [...])
 5 SYSTEMPATH\CodeIgniter.php(898): App\Controllers\ManipulasiDataCriteriaAtributOption->edit('CO33')
 6 SYSTEMPATH\CodeIgniter.php(468): CodeIgniter\CodeIgniter->runController(Object(App\Controllers\ManipulasiDataCriteriaAtributOption))
 7 SYSTEMPATH\CodeIgniter.php(351): CodeIgniter\CodeIgniter->handleRequest(null, Object(Config\Cache), false)
 8 FCPATH\index.php(55): CodeIgniter\CodeIgniter->run()
 9 SYSTEMPATH\Commands\Server\rewrite.php(43): require_once('FCPATH\\index.php')
