CRITICAL - 2022-06-05 08:02:40 --> mysqli_connect(): (HY000/2002): No connection could be made because the target machine actively refused it
in ROOTPATH\config\config.php on line 3.
 1 [internal function]: CodeIgniter\Debug\Exceptions->errorHandler(2, 'mysqli_connect(): (HY000/2002): No connection could be made because the target machine actively refused it', 'ROOTPATH\\config\\config.php', 3)
 2 ROOTPATH\config\config.php(3): mysqli_connect('localhost', 'root', 'ROOTPATH\\public', 'spk_pkh')
 3 APPPATH\Views\pages\dataPenduduk.php(3): require('ROOTPATH\\config\\config.php')
 4 SYSTEMPATH\View\View.php(213): include('APPPATH\\Views\\pages\\dataPenduduk.php')
 5 SYSTEMPATH\View\View.php(216): CodeIgniter\View\View->CodeIgniter\View\{closure}()
 6 SYSTEMPATH\Common.php(1135): CodeIgniter\View\View->render('pages/dataPenduduk', [], true)
 7 APPPATH\Controllers\Page.php(9): view('pages/dataPenduduk')
 8 SYSTEMPATH\CodeIgniter.php(898): App\Controllers\Page->datapenduduk()
 9 SYSTEMPATH\CodeIgniter.php(468): CodeIgniter\CodeIgniter->runController(Object(App\Controllers\Page))
10 SYSTEMPATH\CodeIgniter.php(351): CodeIgniter\CodeIgniter->handleRequest(null, Object(Config\Cache), false)
11 FCPATH\index.php(55): CodeIgniter\CodeIgniter->run()
12 SYSTEMPATH\Commands\Server\rewrite.php(43): require_once('FCPATH\\index.php')
CRITICAL - 2022-06-05 08:03:54 --> mysqli_connect(): (HY000/2002): No connection could be made because the target machine actively refused it
in ROOTPATH\config\config.php on line 3.
 1 [internal function]: CodeIgniter\Debug\Exceptions->errorHandler(2, 'mysqli_connect(): (HY000/2002): No connection could be made because the target machine actively refused it', 'ROOTPATH\\config\\config.php', 3)
 2 ROOTPATH\config\config.php(3): mysqli_connect('localhost', 'root', 'ROOTPATH\\public', 'spk_pkh')
 3 APPPATH\Views\pages\dataPenduduk.php(3): require('ROOTPATH\\config\\config.php')
 4 SYSTEMPATH\View\View.php(213): include('APPPATH\\Views\\pages\\dataPenduduk.php')
 5 SYSTEMPATH\View\View.php(216): CodeIgniter\View\View->CodeIgniter\View\{closure}()
 6 SYSTEMPATH\Common.php(1135): CodeIgniter\View\View->render('pages/dataPenduduk', [], true)
 7 APPPATH\Controllers\Page.php(9): view('pages/dataPenduduk')
 8 SYSTEMPATH\CodeIgniter.php(898): App\Controllers\Page->datapenduduk()
 9 SYSTEMPATH\CodeIgniter.php(468): CodeIgniter\CodeIgniter->runController(Object(App\Controllers\Page))
10 SYSTEMPATH\CodeIgniter.php(351): CodeIgniter\CodeIgniter->handleRequest(null, Object(Config\Cache), false)
11 FCPATH\index.php(55): CodeIgniter\CodeIgniter->run()
12 SYSTEMPATH\Commands\Server\rewrite.php(43): require_once('FCPATH\\index.php')
CRITICAL - 2022-06-05 08:25:24 --> Undefined variable $data
in APPPATH\Views\pages\dataPenduduk.php on line 31.
 1 APPPATH\Views\pages\dataPenduduk.php(31): CodeIgniter\Debug\Exceptions->errorHandler(2, 'Undefined variable $data', 'APPPATH\\Views\\pages\\dataPenduduk.php', 31)
 2 SYSTEMPATH\View\View.php(213): include('APPPATH\\Views\\pages\\dataPenduduk.php')
 3 SYSTEMPATH\View\View.php(216): CodeIgniter\View\View->CodeIgniter\View\{closure}()
 4 SYSTEMPATH\Common.php(1135): CodeIgniter\View\View->render('pages/dataPenduduk', [], true)
 5 APPPATH\Controllers\Page.php(9): view('pages/dataPenduduk')
 6 SYSTEMPATH\CodeIgniter.php(898): App\Controllers\Page->datapenduduk()
 7 SYSTEMPATH\CodeIgniter.php(468): CodeIgniter\CodeIgniter->runController(Object(App\Controllers\Page))
 8 SYSTEMPATH\CodeIgniter.php(351): CodeIgniter\CodeIgniter->handleRequest(null, Object(Config\Cache), false)
 9 FCPATH\index.php(55): CodeIgniter\CodeIgniter->run()
10 SYSTEMPATH\Commands\Server\rewrite.php(43): require_once('FCPATH\\index.php')
CRITICAL - 2022-06-05 08:28:55 --> Undefined variable $data
in APPPATH\Views\pages\dataPenduduk.php on line 31.
 1 APPPATH\Views\pages\dataPenduduk.php(31): CodeIgniter\Debug\Exceptions->errorHandler(2, 'Undefined variable $data', 'APPPATH\\Views\\pages\\dataPenduduk.php', 31)
 2 SYSTEMPATH\View\View.php(213): include('APPPATH\\Views\\pages\\dataPenduduk.php')
 3 SYSTEMPATH\View\View.php(216): CodeIgniter\View\View->CodeIgniter\View\{closure}()
 4 SYSTEMPATH\Common.php(1135): CodeIgniter\View\View->render('pages/dataPenduduk', [], true)
 5 APPPATH\Controllers\Page.php(9): view('pages/dataPenduduk')
 6 SYSTEMPATH\CodeIgniter.php(898): App\Controllers\Page->datapenduduk()
 7 SYSTEMPATH\CodeIgniter.php(468): CodeIgniter\CodeIgniter->runController(Object(App\Controllers\Page))
 8 SYSTEMPATH\CodeIgniter.php(351): CodeIgniter\CodeIgniter->handleRequest(null, Object(Config\Cache), false)
 9 FCPATH\index.php(55): CodeIgniter\CodeIgniter->run()
10 SYSTEMPATH\Commands\Server\rewrite.php(43): require_once('FCPATH\\index.php')
CRITICAL - 2022-06-05 08:51:29 --> Undefined variable $active
in APPPATH\Views\layout\navbar.php on line 19.
 1 APPPATH\Views\layout\navbar.php(19): CodeIgniter\Debug\Exceptions->errorHandler(2, 'Undefined variable $active', 'APPPATH\\Views\\layout\\navbar.php', 19)
 2 SYSTEMPATH\View\View.php(213): include('APPPATH\\Views\\layout\\navbar.php')
 3 SYSTEMPATH\View\View.php(216): CodeIgniter\View\View->CodeIgniter\View\{closure}()
 4 SYSTEMPATH\View\View.php(429): CodeIgniter\View\View->render('layout/navbar', null, true)
 5 APPPATH\Views\layout\page_layout.php(42): CodeIgniter\View\View->include('layout/navbar')
 6 SYSTEMPATH\View\View.php(213): include('APPPATH\\Views\\layout\\page_layout.php')
 7 SYSTEMPATH\View\View.php(216): CodeIgniter\View\View->CodeIgniter\View\{closure}()
 8 SYSTEMPATH\View\View.php(429): CodeIgniter\View\View->render('layout/page_layout', null, true)
 9 APPPATH\Views\pages\dataPenduduk.php(1): CodeIgniter\View\View->include('layout/page_layout')
10 SYSTEMPATH\View\View.php(213): include('APPPATH\\Views\\pages\\dataPenduduk.php')
11 SYSTEMPATH\View\View.php(216): CodeIgniter\View\View->CodeIgniter\View\{closure}()
12 SYSTEMPATH\Common.php(1135): CodeIgniter\View\View->render('pages/dataPenduduk', [], true)
13 APPPATH\Controllers\Page.php(9): view('pages/dataPenduduk')
14 SYSTEMPATH\CodeIgniter.php(898): App\Controllers\Page->datapenduduk()
15 SYSTEMPATH\CodeIgniter.php(468): CodeIgniter\CodeIgniter->runController(Object(App\Controllers\Page))
16 SYSTEMPATH\CodeIgniter.php(351): CodeIgniter\CodeIgniter->handleRequest(null, Object(Config\Cache), false)
17 FCPATH\index.php(55): CodeIgniter\CodeIgniter->run()
18 SYSTEMPATH\Commands\Server\rewrite.php(43): require_once('FCPATH\\index.php')
CRITICAL - 2022-06-05 08:54:31 --> Undefined variable $data
in APPPATH\Views\pages\dataPenduduk.php on line 31.
 1 APPPATH\Views\pages\dataPenduduk.php(31): CodeIgniter\Debug\Exceptions->errorHandler(2, 'Undefined variable $data', 'APPPATH\\Views\\pages\\dataPenduduk.php', 31)
 2 SYSTEMPATH\View\View.php(213): include('APPPATH\\Views\\pages\\dataPenduduk.php')
 3 SYSTEMPATH\View\View.php(216): CodeIgniter\View\View->CodeIgniter\View\{closure}()
 4 SYSTEMPATH\Common.php(1135): CodeIgniter\View\View->render('pages/dataPenduduk', [], true)
 5 APPPATH\Controllers\Page.php(11): view('pages/dataPenduduk')
 6 SYSTEMPATH\CodeIgniter.php(898): App\Controllers\Page->datapenduduk()
 7 SYSTEMPATH\CodeIgniter.php(468): CodeIgniter\CodeIgniter->runController(Object(App\Controllers\Page))
 8 SYSTEMPATH\CodeIgniter.php(351): CodeIgniter\CodeIgniter->handleRequest(null, Object(Config\Cache), false)
 9 FCPATH\index.php(55): CodeIgniter\CodeIgniter->run()
10 SYSTEMPATH\Commands\Server\rewrite.php(43): require_once('FCPATH\\index.php')
CRITICAL - 2022-06-05 08:59:13 --> Undefined variable $data
in APPPATH\Views\pages\dataPenduduk.php on line 31.
 1 APPPATH\Views\pages\dataPenduduk.php(31): CodeIgniter\Debug\Exceptions->errorHandler(2, 'Undefined variable $data', 'APPPATH\\Views\\pages\\dataPenduduk.php', 31)
 2 SYSTEMPATH\View\View.php(213): include('APPPATH\\Views\\pages\\dataPenduduk.php')
 3 SYSTEMPATH\View\View.php(216): CodeIgniter\View\View->CodeIgniter\View\{closure}()
 4 SYSTEMPATH\Common.php(1135): CodeIgniter\View\View->render('pages/dataPenduduk', [], true)
 5 APPPATH\Controllers\Page.php(11): view('pages/dataPenduduk')
 6 SYSTEMPATH\CodeIgniter.php(898): App\Controllers\Page->datapenduduk()
 7 SYSTEMPATH\CodeIgniter.php(468): CodeIgniter\CodeIgniter->runController(Object(App\Controllers\Page))
 8 SYSTEMPATH\CodeIgniter.php(351): CodeIgniter\CodeIgniter->handleRequest(null, Object(Config\Cache), false)
 9 FCPATH\index.php(55): CodeIgniter\CodeIgniter->run()
10 SYSTEMPATH\Commands\Server\rewrite.php(43): require_once('FCPATH\\index.php')
CRITICAL - 2022-06-05 09:02:04 --> Undefined variable $data
in APPPATH\Views\pages\dataPenduduk.php on line 31.
 1 APPPATH\Views\pages\dataPenduduk.php(31): CodeIgniter\Debug\Exceptions->errorHandler(2, 'Undefined variable $data', 'APPPATH\\Views\\pages\\dataPenduduk.php', 31)
 2 SYSTEMPATH\View\View.php(213): include('APPPATH\\Views\\pages\\dataPenduduk.php')
 3 SYSTEMPATH\View\View.php(216): CodeIgniter\View\View->CodeIgniter\View\{closure}()
 4 SYSTEMPATH\Common.php(1135): CodeIgniter\View\View->render('pages/dataPenduduk', [], true)
 5 APPPATH\Controllers\Page.php(11): view('pages/dataPenduduk')
 6 SYSTEMPATH\CodeIgniter.php(898): App\Controllers\Page->datapenduduk()
 7 SYSTEMPATH\CodeIgniter.php(468): CodeIgniter\CodeIgniter->runController(Object(App\Controllers\Page))
 8 SYSTEMPATH\CodeIgniter.php(351): CodeIgniter\CodeIgniter->handleRequest(null, Object(Config\Cache), false)
 9 FCPATH\index.php(55): CodeIgniter\CodeIgniter->run()
10 SYSTEMPATH\Commands\Server\rewrite.php(43): require_once('FCPATH\\index.php')
