CRITICAL - 2022-06-07 00:44:29 --> Undefined variable $active2
in APPPATH\Views\layout\dashboardMenu.php on line 38.
 1 APPPATH\Views\layout\dashboardMenu.php(38): CodeIgniter\Debug\Exceptions->errorHandler(2, 'Undefined variable $active2', 'APPPATH\\Views\\layout\\dashboardMenu.php', 38)
 2 SYSTEMPATH\View\View.php(213): include('APPPATH\\Views\\layout\\dashboardMenu.php')
 3 SYSTEMPATH\View\View.php(216): CodeIgniter\View\View->CodeIgniter\View\{closure}()
 4 SYSTEMPATH\View\View.php(429): CodeIgniter\View\View->render('layout/dashboardMenu', null, true)
 5 APPPATH\Views\layout\page_layout.php(38): CodeIgniter\View\View->include('layout/dashboardMenu')
 6 SYSTEMPATH\View\View.php(213): include('APPPATH\\Views\\layout\\page_layout.php')
 7 SYSTEMPATH\View\View.php(216): CodeIgniter\View\View->CodeIgniter\View\{closure}()
 8 SYSTEMPATH\View\View.php(229): CodeIgniter\View\View->render('layout/page_layout', [], true)
 9 SYSTEMPATH\Common.php(1135): CodeIgniter\View\View->render('welcome_message', [], true)
10 APPPATH\Controllers\Home.php(11): view('welcome_message')
11 SYSTEMPATH\CodeIgniter.php(898): App\Controllers\Home->index()
12 SYSTEMPATH\CodeIgniter.php(468): CodeIgniter\CodeIgniter->runController(Object(App\Controllers\Home))
13 SYSTEMPATH\CodeIgniter.php(351): CodeIgniter\CodeIgniter->handleRequest(null, Object(Config\Cache), false)
14 FCPATH\index.php(55): CodeIgniter\CodeIgniter->run()
15 SYSTEMPATH\Commands\Server\rewrite.php(43): require_once('FCPATH\\index.php')
CRITICAL - 2022-06-07 00:49:09 --> Undefined variable $active2
in APPPATH\Views\layout\dashboardMenu.php on line 28.
 1 APPPATH\Views\layout\dashboardMenu.php(28): CodeIgniter\Debug\Exceptions->errorHandler(2, 'Undefined variable $active2', 'APPPATH\\Views\\layout\\dashboardMenu.php', 28)
 2 SYSTEMPATH\View\View.php(213): include('APPPATH\\Views\\layout\\dashboardMenu.php')
 3 SYSTEMPATH\View\View.php(216): CodeIgniter\View\View->CodeIgniter\View\{closure}()
 4 SYSTEMPATH\View\View.php(429): CodeIgniter\View\View->render('layout/dashboardMenu', null, true)
 5 APPPATH\Views\layout\page_layout.php(38): CodeIgniter\View\View->include('layout/dashboardMenu')
 6 SYSTEMPATH\View\View.php(213): include('APPPATH\\Views\\layout\\page_layout.php')
 7 SYSTEMPATH\View\View.php(216): CodeIgniter\View\View->CodeIgniter\View\{closure}()
 8 SYSTEMPATH\View\View.php(229): CodeIgniter\View\View->render('layout/page_layout', [], true)
 9 SYSTEMPATH\Common.php(1135): CodeIgniter\View\View->render('welcome_message', [], true)
10 APPPATH\Controllers\Home.php(11): view('welcome_message')
11 SYSTEMPATH\CodeIgniter.php(898): App\Controllers\Home->index()
12 SYSTEMPATH\CodeIgniter.php(468): CodeIgniter\CodeIgniter->runController(Object(App\Controllers\Home))
13 SYSTEMPATH\CodeIgniter.php(351): CodeIgniter\CodeIgniter->handleRequest(null, Object(Config\Cache), false)
14 FCPATH\index.php(55): CodeIgniter\CodeIgniter->run()
15 SYSTEMPATH\Commands\Server\rewrite.php(43): require_once('FCPATH\\index.php')
CRITICAL - 2022-06-07 02:05:12 --> Undefined variable $uri
in APPPATH\Views\layout\dashboardMenu.php on line 1.
 1 APPPATH\Views\layout\dashboardMenu.php(1): CodeIgniter\Debug\Exceptions->errorHandler(2, 'Undefined variable $uri', 'APPPATH\\Views\\layout\\dashboardMenu.php', 1)
 2 SYSTEMPATH\View\View.php(213): include('APPPATH\\Views\\layout\\dashboardMenu.php')
 3 SYSTEMPATH\View\View.php(216): CodeIgniter\View\View->CodeIgniter\View\{closure}()
 4 SYSTEMPATH\View\View.php(429): CodeIgniter\View\View->render('layout/dashboardMenu', null, true)
 5 APPPATH\Views\layout\page_layout.php(38): CodeIgniter\View\View->include('layout/dashboardMenu')
 6 SYSTEMPATH\View\View.php(213): include('APPPATH\\Views\\layout\\page_layout.php')
 7 SYSTEMPATH\View\View.php(216): CodeIgniter\View\View->CodeIgniter\View\{closure}()
 8 SYSTEMPATH\View\View.php(229): CodeIgniter\View\View->render('layout/page_layout', [], true)
 9 SYSTEMPATH\Common.php(1135): CodeIgniter\View\View->render('welcome_message', [], true)
10 APPPATH\Controllers\Home.php(12): view('welcome_message')
11 SYSTEMPATH\CodeIgniter.php(898): App\Controllers\Home->index()
12 SYSTEMPATH\CodeIgniter.php(468): CodeIgniter\CodeIgniter->runController(Object(App\Controllers\Home))
13 SYSTEMPATH\CodeIgniter.php(351): CodeIgniter\CodeIgniter->handleRequest(null, Object(Config\Cache), false)
14 FCPATH\index.php(55): CodeIgniter\CodeIgniter->run()
15 SYSTEMPATH\Commands\Server\rewrite.php(43): require_once('FCPATH\\index.php')
CRITICAL - 2022-06-07 02:05:38 --> Call to undefined method CodeIgniter\HTTP\URI::getsegmen()
in APPPATH\Views\layout\dashboardMenu.php on line 29.
 1 SYSTEMPATH\View\View.php(213): include()
 2 SYSTEMPATH\View\View.php(216): CodeIgniter\View\View->CodeIgniter\View\{closure}()
 3 SYSTEMPATH\View\View.php(429): CodeIgniter\View\View->render('layout/dashboardMenu', null, true)
 4 APPPATH\Views\layout\page_layout.php(38): CodeIgniter\View\View->include('layout/dashboardMenu')
 5 SYSTEMPATH\View\View.php(213): include('APPPATH\\Views\\layout\\page_layout.php')
 6 SYSTEMPATH\View\View.php(216): CodeIgniter\View\View->CodeIgniter\View\{closure}()
 7 SYSTEMPATH\View\View.php(229): CodeIgniter\View\View->render('layout/page_layout', [], true)
 8 SYSTEMPATH\Common.php(1135): CodeIgniter\View\View->render('welcome_message', [], true)
 9 APPPATH\Controllers\Home.php(12): view('welcome_message')
10 SYSTEMPATH\CodeIgniter.php(898): App\Controllers\Home->index()
11 SYSTEMPATH\CodeIgniter.php(468): CodeIgniter\CodeIgniter->runController(Object(App\Controllers\Home))
12 SYSTEMPATH\CodeIgniter.php(351): CodeIgniter\CodeIgniter->handleRequest(null, Object(Config\Cache), false)
13 FCPATH\index.php(55): CodeIgniter\CodeIgniter->run()
14 SYSTEMPATH\Commands\Server\rewrite.php(43): require_once('FCPATH\\index.php')
CRITICAL - 2022-06-07 02:08:14 --> mysqli_query(): Argument #1 ($mysql) must be of type mysqli, null given
in ROOTPATH\config\config.php on line 7.
 1 ROOTPATH\config\config.php(7): mysqli_query(null, 'SELECT * FROM `data_penduduk_value`')
 2 APPPATH\Views\pages\dataCriteriaPenduduk.php(7): query('SELECT * FROM `data_penduduk_value`')
 3 SYSTEMPATH\View\View.php(213): include('APPPATH\\Views\\pages\\dataCriteriaPenduduk.php')
 4 SYSTEMPATH\View\View.php(216): CodeIgniter\View\View->CodeIgniter\View\{closure}()
 5 SYSTEMPATH\Common.php(1135): CodeIgniter\View\View->render('pages/dataCriteriaPenduduk', [], true)
 6 APPPATH\Controllers\Page.php(28): view('pages/dataCriteriaPenduduk')
 7 SYSTEMPATH\CodeIgniter.php(898): App\Controllers\Page->datacriteriapenduduk()
 8 SYSTEMPATH\CodeIgniter.php(468): CodeIgniter\CodeIgniter->runController(Object(App\Controllers\Page))
 9 SYSTEMPATH\CodeIgniter.php(351): CodeIgniter\CodeIgniter->handleRequest(null, Object(Config\Cache), false)
10 FCPATH\index.php(55): CodeIgniter\CodeIgniter->run()
11 SYSTEMPATH\Commands\Server\rewrite.php(43): require_once('FCPATH\\index.php')
CRITICAL - 2022-06-07 02:14:18 --> Unmatched ')'
in APPPATH\Views\layout\dashboardMenu.php on line 49.
 1 SYSTEMPATH\View\View.php(216): CodeIgniter\View\View->CodeIgniter\View\{closure}()
 2 SYSTEMPATH\Common.php(1135): CodeIgniter\View\View->render('layout/dashboardMenu', [], true)
 3 APPPATH\Controllers\Page.php(15): view('layout/dashboardMenu')
 4 SYSTEMPATH\CodeIgniter.php(898): App\Controllers\Page->datapenduduk()
 5 SYSTEMPATH\CodeIgniter.php(468): CodeIgniter\CodeIgniter->runController(Object(App\Controllers\Page))
 6 SYSTEMPATH\CodeIgniter.php(351): CodeIgniter\CodeIgniter->handleRequest(null, Object(Config\Cache), false)
 7 FCPATH\index.php(55): CodeIgniter\CodeIgniter->run()
 8 SYSTEMPATH\Commands\Server\rewrite.php(43): require_once('FCPATH\\index.php')
CRITICAL - 2022-06-07 02:29:43 --> Array to string conversion
in APPPATH\Views\layout\dashboardMenu.php on line 3.
 1 APPPATH\Views\layout\dashboardMenu.php(3): CodeIgniter\Debug\Exceptions->errorHandler(2, 'Array to string conversion', 'APPPATH\\Views\\layout\\dashboardMenu.php', 3)
 2 SYSTEMPATH\View\View.php(213): include('APPPATH\\Views\\layout\\dashboardMenu.php')
 3 SYSTEMPATH\View\View.php(216): CodeIgniter\View\View->CodeIgniter\View\{closure}()
 4 SYSTEMPATH\Common.php(1135): CodeIgniter\View\View->render('layout/dashboardMenu', [], true)
 5 APPPATH\Controllers\Page.php(15): view('layout/dashboardMenu')
 6 SYSTEMPATH\CodeIgniter.php(898): App\Controllers\Page->datapenduduk()
 7 SYSTEMPATH\CodeIgniter.php(468): CodeIgniter\CodeIgniter->runController(Object(App\Controllers\Page))
 8 SYSTEMPATH\CodeIgniter.php(351): CodeIgniter\CodeIgniter->handleRequest(null, Object(Config\Cache), false)
 9 FCPATH\index.php(55): CodeIgniter\CodeIgniter->run()
10 SYSTEMPATH\Commands\Server\rewrite.php(43): require_once('FCPATH\\index.php')
CRITICAL - 2022-06-07 02:30:32 --> Array to string conversion
in APPPATH\Views\layout\dashboardMenu.php on line 3.
 1 APPPATH\Views\layout\dashboardMenu.php(3): CodeIgniter\Debug\Exceptions->errorHandler(2, 'Array to string conversion', 'APPPATH\\Views\\layout\\dashboardMenu.php', 3)
 2 SYSTEMPATH\View\View.php(213): include('APPPATH\\Views\\layout\\dashboardMenu.php')
 3 SYSTEMPATH\View\View.php(216): CodeIgniter\View\View->CodeIgniter\View\{closure}()
 4 SYSTEMPATH\Common.php(1135): CodeIgniter\View\View->render('layout/dashboardMenu', [], true)
 5 APPPATH\Controllers\Page.php(15): view('layout/dashboardMenu')
 6 SYSTEMPATH\CodeIgniter.php(898): App\Controllers\Page->datapenduduk()
 7 SYSTEMPATH\CodeIgniter.php(468): CodeIgniter\CodeIgniter->runController(Object(App\Controllers\Page))
 8 SYSTEMPATH\CodeIgniter.php(351): CodeIgniter\CodeIgniter->handleRequest(null, Object(Config\Cache), false)
 9 FCPATH\index.php(55): CodeIgniter\CodeIgniter->run()
10 SYSTEMPATH\Commands\Server\rewrite.php(43): require_once('FCPATH\\index.php')
CRITICAL - 2022-06-07 02:41:26 --> Unmatched ')'
in APPPATH\Views\layout\dashboardMenu.php on line 2.
 1 SYSTEMPATH\View\View.php(216): CodeIgniter\View\View->CodeIgniter\View\{closure}()
 2 SYSTEMPATH\Common.php(1135): CodeIgniter\View\View->render('layout/dashboardMenu', [], true)
 3 APPPATH\Controllers\Page.php(15): view('layout/dashboardMenu')
 4 SYSTEMPATH\CodeIgniter.php(898): App\Controllers\Page->datapenduduk()
 5 SYSTEMPATH\CodeIgniter.php(468): CodeIgniter\CodeIgniter->runController(Object(App\Controllers\Page))
 6 SYSTEMPATH\CodeIgniter.php(351): CodeIgniter\CodeIgniter->handleRequest(null, Object(Config\Cache), false)
 7 FCPATH\index.php(55): CodeIgniter\CodeIgniter->run()
 8 SYSTEMPATH\Commands\Server\rewrite.php(43): require_once('FCPATH\\index.php')
CRITICAL - 2022-06-07 03:04:21 --> mysqli_query(): Argument #1 ($mysql) must be of type mysqli, null given
in ROOTPATH\config\config.php on line 7.
 1 ROOTPATH\config\config.php(7): mysqli_query(null, 'SELECT * FROM `data_penduduk_value`')
 2 APPPATH\Views\pages\dataCriteriaPenduduk.php(7): query('SELECT * FROM `data_penduduk_value`')
 3 SYSTEMPATH\View\View.php(213): include('APPPATH\\Views\\pages\\dataCriteriaPenduduk.php')
 4 SYSTEMPATH\View\View.php(216): CodeIgniter\View\View->CodeIgniter\View\{closure}()
 5 SYSTEMPATH\Common.php(1135): CodeIgniter\View\View->render('pages/dataCriteriaPenduduk', [], true)
 6 APPPATH\Controllers\Page.php(28): view('pages/dataCriteriaPenduduk')
 7 SYSTEMPATH\CodeIgniter.php(898): App\Controllers\Page->datacriteriapenduduk()
 8 SYSTEMPATH\CodeIgniter.php(468): CodeIgniter\CodeIgniter->runController(Object(App\Controllers\Page))
 9 SYSTEMPATH\CodeIgniter.php(351): CodeIgniter\CodeIgniter->handleRequest(null, Object(Config\Cache), false)
10 FCPATH\index.php(55): CodeIgniter\CodeIgniter->run()
11 SYSTEMPATH\Commands\Server\rewrite.php(43): require_once('FCPATH\\index.php')
CRITICAL - 2022-06-07 03:16:30 --> Request URI segment is out of range: 1
in SYSTEMPATH\HTTP\URI.php on line 529.
 1 SYSTEMPATH\HTTP\URI.php(529): CodeIgniter\HTTP\Exceptions\HTTPException::forURISegmentOutOfRange(1)
 2 APPPATH\Views\layout\dashboardMenu.php(40): CodeIgniter\HTTP\URI->getSegment(1)
 3 SYSTEMPATH\View\View.php(213): include('APPPATH\\Views\\layout\\dashboardMenu.php')
 4 SYSTEMPATH\View\View.php(216): CodeIgniter\View\View->CodeIgniter\View\{closure}()
 5 SYSTEMPATH\Common.php(1135): CodeIgniter\View\View->render('layout/dashboardMenu', [], true)
 6 APPPATH\Controllers\Page.php(15): view('layout/dashboardMenu')
 7 SYSTEMPATH\CodeIgniter.php(898): App\Controllers\Page->datapenduduk()
 8 SYSTEMPATH\CodeIgniter.php(468): CodeIgniter\CodeIgniter->runController(Object(App\Controllers\Page))
 9 SYSTEMPATH\CodeIgniter.php(351): CodeIgniter\CodeIgniter->handleRequest(null, Object(Config\Cache), false)
10 FCPATH\index.php(55): CodeIgniter\CodeIgniter->run()
11 SYSTEMPATH\Commands\Server\rewrite.php(43): require_once('FCPATH\\index.php')
CRITICAL - 2022-06-07 03:16:44 --> Request URI segment is out of range: 1
in SYSTEMPATH\HTTP\URI.php on line 529.
 1 SYSTEMPATH\HTTP\URI.php(529): CodeIgniter\HTTP\Exceptions\HTTPException::forURISegmentOutOfRange(1)
 2 APPPATH\Views\layout\dashboardMenu.php(40): CodeIgniter\HTTP\URI->getSegment(1)
 3 SYSTEMPATH\View\View.php(213): include('APPPATH\\Views\\layout\\dashboardMenu.php')
 4 SYSTEMPATH\View\View.php(216): CodeIgniter\View\View->CodeIgniter\View\{closure}()
 5 SYSTEMPATH\Common.php(1135): CodeIgniter\View\View->render('layout/dashboardMenu', [], true)
 6 APPPATH\Controllers\Page.php(15): view('layout/dashboardMenu')
 7 SYSTEMPATH\CodeIgniter.php(898): App\Controllers\Page->datapenduduk()
 8 SYSTEMPATH\CodeIgniter.php(468): CodeIgniter\CodeIgniter->runController(Object(App\Controllers\Page))
 9 SYSTEMPATH\CodeIgniter.php(351): CodeIgniter\CodeIgniter->handleRequest(null, Object(Config\Cache), false)
10 FCPATH\index.php(55): CodeIgniter\CodeIgniter->run()
11 SYSTEMPATH\Commands\Server\rewrite.php(43): require_once('FCPATH\\index.php')
CRITICAL - 2022-06-07 03:17:09 --> Request URI segment is out of range: 1
in SYSTEMPATH\HTTP\URI.php on line 529.
 1 SYSTEMPATH\HTTP\URI.php(529): CodeIgniter\HTTP\Exceptions\HTTPException::forURISegmentOutOfRange(1)
 2 APPPATH\Views\layout\dashboardMenu.php(40): CodeIgniter\HTTP\URI->getSegment(1)
 3 SYSTEMPATH\View\View.php(213): include('APPPATH\\Views\\layout\\dashboardMenu.php')
 4 SYSTEMPATH\View\View.php(216): CodeIgniter\View\View->CodeIgniter\View\{closure}()
 5 SYSTEMPATH\Common.php(1135): CodeIgniter\View\View->render('layout/dashboardMenu', [], true)
 6 APPPATH\Controllers\Page.php(15): view('layout/dashboardMenu')
 7 SYSTEMPATH\CodeIgniter.php(898): App\Controllers\Page->datapenduduk()
 8 SYSTEMPATH\CodeIgniter.php(468): CodeIgniter\CodeIgniter->runController(Object(App\Controllers\Page))
 9 SYSTEMPATH\CodeIgniter.php(351): CodeIgniter\CodeIgniter->handleRequest(null, Object(Config\Cache), false)
10 FCPATH\index.php(55): CodeIgniter\CodeIgniter->run()
11 SYSTEMPATH\Commands\Server\rewrite.php(43): require_once('FCPATH\\index.php')
CRITICAL - 2022-06-07 03:18:48 --> Too few arguments to function CodeIgniter\HTTP\URI::getSegment(), 0 passed in C:\xampp\htdocs\App_Skripsiku\app\Views\layout\dashboardMenu.php on line 30 and at least 1 expected
in SYSTEMPATH\HTTP\URI.php on line 522.
 1 APPPATH\Views\layout\dashboardMenu.php(30): CodeIgniter\HTTP\URI->getSegment()
 2 SYSTEMPATH\View\View.php(213): include('APPPATH\\Views\\layout\\dashboardMenu.php')
 3 SYSTEMPATH\View\View.php(216): CodeIgniter\View\View->CodeIgniter\View\{closure}()
 4 SYSTEMPATH\Common.php(1135): CodeIgniter\View\View->render('layout/dashboardMenu', [], true)
 5 APPPATH\Controllers\Page.php(15): view('layout/dashboardMenu')
 6 SYSTEMPATH\CodeIgniter.php(898): App\Controllers\Page->datapenduduk()
 7 SYSTEMPATH\CodeIgniter.php(468): CodeIgniter\CodeIgniter->runController(Object(App\Controllers\Page))
 8 SYSTEMPATH\CodeIgniter.php(351): CodeIgniter\CodeIgniter->handleRequest(null, Object(Config\Cache), false)
 9 FCPATH\index.php(55): CodeIgniter\CodeIgniter->run()
10 SYSTEMPATH\Commands\Server\rewrite.php(43): require_once('FCPATH\\index.php')
CRITICAL - 2022-06-07 03:19:19 --> Too few arguments to function CodeIgniter\HTTP\URI::getSegment(), 0 passed in C:\xampp\htdocs\App_Skripsiku\app\Views\layout\dashboardMenu.php on line 31 and at least 1 expected
in SYSTEMPATH\HTTP\URI.php on line 522.
 1 APPPATH\Views\layout\dashboardMenu.php(31): CodeIgniter\HTTP\URI->getSegment()
 2 SYSTEMPATH\View\View.php(213): include('APPPATH\\Views\\layout\\dashboardMenu.php')
 3 SYSTEMPATH\View\View.php(216): CodeIgniter\View\View->CodeIgniter\View\{closure}()
 4 SYSTEMPATH\Common.php(1135): CodeIgniter\View\View->render('layout/dashboardMenu', [], true)
 5 APPPATH\Controllers\Page.php(15): view('layout/dashboardMenu')
 6 SYSTEMPATH\CodeIgniter.php(898): App\Controllers\Page->datapenduduk()
 7 SYSTEMPATH\CodeIgniter.php(468): CodeIgniter\CodeIgniter->runController(Object(App\Controllers\Page))
 8 SYSTEMPATH\CodeIgniter.php(351): CodeIgniter\CodeIgniter->handleRequest(null, Object(Config\Cache), false)
 9 FCPATH\index.php(55): CodeIgniter\CodeIgniter->run()
10 SYSTEMPATH\Commands\Server\rewrite.php(43): require_once('FCPATH\\index.php')
CRITICAL - 2022-06-07 03:22:54 --> Undefined variable $uri
in APPPATH\Views\layout\dashboardMenu.php on line 48.
 1 APPPATH\Views\layout\dashboardMenu.php(48): CodeIgniter\Debug\Exceptions->errorHandler(2, 'Undefined variable $uri', 'APPPATH\\Views\\layout\\dashboardMenu.php', 48)
 2 SYSTEMPATH\View\View.php(213): include('APPPATH\\Views\\layout\\dashboardMenu.php')
 3 SYSTEMPATH\View\View.php(216): CodeIgniter\View\View->CodeIgniter\View\{closure}()
 4 SYSTEMPATH\Common.php(1135): CodeIgniter\View\View->render('layout/dashboardMenu', [], true)
 5 APPPATH\Controllers\Page.php(15): view('layout/dashboardMenu')
 6 SYSTEMPATH\CodeIgniter.php(898): App\Controllers\Page->datapenduduk()
 7 SYSTEMPATH\CodeIgniter.php(468): CodeIgniter\CodeIgniter->runController(Object(App\Controllers\Page))
 8 SYSTEMPATH\CodeIgniter.php(351): CodeIgniter\CodeIgniter->handleRequest(null, Object(Config\Cache), false)
 9 FCPATH\index.php(55): CodeIgniter\CodeIgniter->run()
10 SYSTEMPATH\Commands\Server\rewrite.php(43): require_once('FCPATH\\index.php')
CRITICAL - 2022-06-07 03:39:20 --> Unmatched ')'
in APPPATH\Views\layout\dashboardMenu.php on line 39.
 1 SYSTEMPATH\View\View.php(216): CodeIgniter\View\View->CodeIgniter\View\{closure}()
 2 SYSTEMPATH\Common.php(1135): CodeIgniter\View\View->render('layout/dashboardMenu', [], true)
 3 APPPATH\Controllers\Page.php(15): view('layout/dashboardMenu')
 4 SYSTEMPATH\CodeIgniter.php(898): App\Controllers\Page->datapenduduk()
 5 SYSTEMPATH\CodeIgniter.php(468): CodeIgniter\CodeIgniter->runController(Object(App\Controllers\Page))
 6 SYSTEMPATH\CodeIgniter.php(351): CodeIgniter\CodeIgniter->handleRequest(null, Object(Config\Cache), false)
 7 FCPATH\index.php(55): CodeIgniter\CodeIgniter->run()
 8 SYSTEMPATH\Commands\Server\rewrite.php(43): require_once('FCPATH\\index.php')
CRITICAL - 2022-06-07 04:02:13 --> mysqli_query(): Argument #1 ($mysql) must be of type mysqli, null given
in ROOTPATH\config\config.php on line 7.
 1 ROOTPATH\config\config.php(7): mysqli_query(null, 'SELECT * FROM `data_penduduk_value`')
 2 APPPATH\Views\pages\dataCriteriaPenduduk.php(7): query('SELECT * FROM `data_penduduk_value`')
 3 SYSTEMPATH\View\View.php(213): include('APPPATH\\Views\\pages\\dataCriteriaPenduduk.php')
 4 SYSTEMPATH\View\View.php(216): CodeIgniter\View\View->CodeIgniter\View\{closure}()
 5 SYSTEMPATH\Common.php(1135): CodeIgniter\View\View->render('pages/dataCriteriaPenduduk', [], true)
 6 APPPATH\Controllers\Page.php(28): view('pages/dataCriteriaPenduduk')
 7 SYSTEMPATH\CodeIgniter.php(898): App\Controllers\Page->datacriteriapenduduk()
 8 SYSTEMPATH\CodeIgniter.php(468): CodeIgniter\CodeIgniter->runController(Object(App\Controllers\Page))
 9 SYSTEMPATH\CodeIgniter.php(351): CodeIgniter\CodeIgniter->handleRequest(null, Object(Config\Cache), false)
10 FCPATH\index.php(55): CodeIgniter\CodeIgniter->run()
11 SYSTEMPATH\Commands\Server\rewrite.php(43): require_once('FCPATH\\index.php')
CRITICAL - 2022-06-07 12:46:55 --> Undefined variable $CriteriaOptionAtributModel
in APPPATH\Views\pages\dataCriteriaAtribut.php on line 66.
 1 APPPATH\Views\pages\dataCriteriaAtribut.php(66): CodeIgniter\Debug\Exceptions->errorHandler(2, 'Undefined variable $CriteriaOptionAtributModel', 'APPPATH\\Views\\pages\\dataCriteriaAtribut.php', 66)
 2 SYSTEMPATH\View\View.php(213): include('APPPATH\\Views\\pages\\dataCriteriaAtribut.php')
 3 SYSTEMPATH\View\View.php(216): CodeIgniter\View\View->CodeIgniter\View\{closure}()
 4 SYSTEMPATH\Common.php(1135): CodeIgniter\View\View->render('pages/dataCriteriaAtribut', [], true)
 5 APPPATH\Controllers\Page.php(31): view('pages/dataCriteriaAtribut', [...])
 6 SYSTEMPATH\CodeIgniter.php(898): App\Controllers\Page->datacriteriatribut()
 7 SYSTEMPATH\CodeIgniter.php(468): CodeIgniter\CodeIgniter->runController(Object(App\Controllers\Page))
 8 SYSTEMPATH\CodeIgniter.php(351): CodeIgniter\CodeIgniter->handleRequest(null, Object(Config\Cache), false)
 9 FCPATH\index.php(55): CodeIgniter\CodeIgniter->run()
10 SYSTEMPATH\Commands\Server\rewrite.php(43): require_once('FCPATH\\index.php')
CRITICAL - 2022-06-07 12:49:25 --> Undefined array key "criteria_id"
in APPPATH\Views\pages\dataCriteriaAtribut.php on line 68.
 1 APPPATH\Views\pages\dataCriteriaAtribut.php(68): CodeIgniter\Debug\Exceptions->errorHandler(2, 'Undefined array key "criteria_id"', 'APPPATH\\Views\\pages\\dataCriteriaAtribut.php', 68)
 2 SYSTEMPATH\View\View.php(213): include('APPPATH\\Views\\pages\\dataCriteriaAtribut.php')
 3 SYSTEMPATH\View\View.php(216): CodeIgniter\View\View->CodeIgniter\View\{closure}()
 4 SYSTEMPATH\Common.php(1135): CodeIgniter\View\View->render('pages/dataCriteriaAtribut', [], true)
 5 APPPATH\Controllers\Page.php(31): view('pages/dataCriteriaAtribut', [...])
 6 SYSTEMPATH\CodeIgniter.php(898): App\Controllers\Page->datacriteriatribut()
 7 SYSTEMPATH\CodeIgniter.php(468): CodeIgniter\CodeIgniter->runController(Object(App\Controllers\Page))
 8 SYSTEMPATH\CodeIgniter.php(351): CodeIgniter\CodeIgniter->handleRequest(null, Object(Config\Cache), false)
 9 FCPATH\index.php(55): CodeIgniter\CodeIgniter->run()
10 SYSTEMPATH\Commands\Server\rewrite.php(43): require_once('FCPATH\\index.php')
ERROR - 2022-06-07 13:22:03 --> Table 'spk_pkh.penduduk' doesn't exist
CRITICAL - 2022-06-07 13:22:03 --> Table 'spk_pkh.penduduk' doesn't exist
in SYSTEMPATH\Database\MySQLi\Connection.php on line 292.
 1 SYSTEMPATH\Database\MySQLi\Connection.php(292): mysqli->query('SELECT *
FROM `penduduk`', 0)
 2 SYSTEMPATH\Database\BaseConnection.php(678): CodeIgniter\Database\MySQLi\Connection->execute('SELECT *
FROM `penduduk`')
 3 SYSTEMPATH\Database\BaseConnection.php(606): CodeIgniter\Database\BaseConnection->simpleQuery('SELECT *
FROM `penduduk`')
 4 SYSTEMPATH\Database\BaseBuilder.php(1585): CodeIgniter\Database\BaseConnection->query('SELECT *
FROM `penduduk`', [], false)
 5 SYSTEMPATH\Model.php(222): CodeIgniter\Database\BaseBuilder->get()
 6 SYSTEMPATH\BaseModel.php(584): CodeIgniter\Model->doFindAll(0, 0)
 7 APPPATH\Models\PeopleModel.php(21): CodeIgniter\BaseModel->findAll()
 8 APPPATH\Controllers\Page.php(17): App\Models\PeopleModel->getData()
 9 SYSTEMPATH\CodeIgniter.php(898): App\Controllers\Page->datapenduduk()
10 SYSTEMPATH\CodeIgniter.php(468): CodeIgniter\CodeIgniter->runController(Object(App\Controllers\Page))
11 SYSTEMPATH\CodeIgniter.php(351): CodeIgniter\CodeIgniter->handleRequest(null, Object(Config\Cache), false)
12 FCPATH\index.php(55): CodeIgniter\CodeIgniter->run()
13 SYSTEMPATH\Commands\Server\rewrite.php(43): require_once('FCPATH\\index.php')
ERROR - 2022-06-07 13:22:10 --> Table 'spk_pkh.penduduk' doesn't exist
CRITICAL - 2022-06-07 13:22:10 --> Table 'spk_pkh.penduduk' doesn't exist
in SYSTEMPATH\Database\MySQLi\Connection.php on line 292.
 1 SYSTEMPATH\Database\MySQLi\Connection.php(292): mysqli->query('SELECT *
FROM `penduduk`', 0)
 2 SYSTEMPATH\Database\BaseConnection.php(678): CodeIgniter\Database\MySQLi\Connection->execute('SELECT *
FROM `penduduk`')
 3 SYSTEMPATH\Database\BaseConnection.php(606): CodeIgniter\Database\BaseConnection->simpleQuery('SELECT *
FROM `penduduk`')
 4 SYSTEMPATH\Database\BaseBuilder.php(1585): CodeIgniter\Database\BaseConnection->query('SELECT *
FROM `penduduk`', [], false)
 5 SYSTEMPATH\Model.php(222): CodeIgniter\Database\BaseBuilder->get()
 6 SYSTEMPATH\BaseModel.php(584): CodeIgniter\Model->doFindAll(0, 0)
 7 APPPATH\Models\PeopleModel.php(21): CodeIgniter\BaseModel->findAll()
 8 APPPATH\Controllers\Page.php(17): App\Models\PeopleModel->getData()
 9 SYSTEMPATH\CodeIgniter.php(898): App\Controllers\Page->datapenduduk()
10 SYSTEMPATH\CodeIgniter.php(468): CodeIgniter\CodeIgniter->runController(Object(App\Controllers\Page))
11 SYSTEMPATH\CodeIgniter.php(351): CodeIgniter\CodeIgniter->handleRequest(null, Object(Config\Cache), false)
12 FCPATH\index.php(55): CodeIgniter\CodeIgniter->run()
13 SYSTEMPATH\Commands\Server\rewrite.php(43): require_once('FCPATH\\index.php')
ERROR - 2022-06-07 13:25:08 --> Table 'spk_pkh.penduduk' doesn't exist
CRITICAL - 2022-06-07 13:25:08 --> Table 'spk_pkh.penduduk' doesn't exist
in SYSTEMPATH\Database\MySQLi\Connection.php on line 292.
 1 SYSTEMPATH\Database\MySQLi\Connection.php(292): mysqli->query('SELECT *
FROM `penduduk`', 0)
 2 SYSTEMPATH\Database\BaseConnection.php(678): CodeIgniter\Database\MySQLi\Connection->execute('SELECT *
FROM `penduduk`')
 3 SYSTEMPATH\Database\BaseConnection.php(606): CodeIgniter\Database\BaseConnection->simpleQuery('SELECT *
FROM `penduduk`')
 4 SYSTEMPATH\Database\BaseBuilder.php(1585): CodeIgniter\Database\BaseConnection->query('SELECT *
FROM `penduduk`', [], false)
 5 SYSTEMPATH\Model.php(222): CodeIgniter\Database\BaseBuilder->get()
 6 SYSTEMPATH\BaseModel.php(584): CodeIgniter\Model->doFindAll(0, 0)
 7 APPPATH\Models\PeopleModel.php(21): CodeIgniter\BaseModel->findAll()
 8 APPPATH\Controllers\Page.php(17): App\Models\PeopleModel->getData()
 9 SYSTEMPATH\CodeIgniter.php(898): App\Controllers\Page->datapenduduk()
10 SYSTEMPATH\CodeIgniter.php(468): CodeIgniter\CodeIgniter->runController(Object(App\Controllers\Page))
11 SYSTEMPATH\CodeIgniter.php(351): CodeIgniter\CodeIgniter->handleRequest(null, Object(Config\Cache), false)
12 FCPATH\index.php(55): CodeIgniter\CodeIgniter->run()
13 SYSTEMPATH\Commands\Server\rewrite.php(43): require_once('FCPATH\\index.php')
