CRITICAL - 2022-06-10 01:24:30 --> Undefined variable $validation
in APPPATH\Views\CRUD\tambahDataPenduduk.php on line 15.
 1 APPPATH\Views\CRUD\tambahDataPenduduk.php(15): CodeIgniter\Debug\Exceptions->errorHandler(2, 'Undefined variable $validation', 'APPPATH\\Views\\CRUD\\tambahDataPenduduk.php', 15)
 2 SYSTEMPATH\View\View.php(213): include('APPPATH\\Views\\CRUD\\tambahDataPenduduk.php')
 3 SYSTEMPATH\View\View.php(216): CodeIgniter\View\View->CodeIgniter\View\{closure}()
 4 SYSTEMPATH\Common.php(1135): CodeIgniter\View\View->render('CRUD/tambahDataPenduduk', [], true)
 5 APPPATH\Controllers\ManipulasiDataPenduduk.php(63): view('CRUD/tambahDataPenduduk')
 6 SYSTEMPATH\CodeIgniter.php(898): App\Controllers\ManipulasiDataPenduduk->create()
 7 SYSTEMPATH\CodeIgniter.php(468): CodeIgniter\CodeIgniter->runController(Object(App\Controllers\ManipulasiDataPenduduk))
 8 SYSTEMPATH\CodeIgniter.php(351): CodeIgniter\CodeIgniter->handleRequest(null, Object(Config\Cache), false)
 9 FCPATH\index.php(55): CodeIgniter\CodeIgniter->run()
10 SYSTEMPATH\Commands\Server\rewrite.php(43): require_once('FCPATH\\index.php')
CRITICAL - 2022-06-10 02:08:18 --> Can only throw objects
in APPPATH\Controllers\ManipulasiDataPenduduk.php on line 110.
 1 SYSTEMPATH\CodeIgniter.php(898): App\Controllers\ManipulasiDataPenduduk->edit('AL14')
 2 SYSTEMPATH\CodeIgniter.php(468): CodeIgniter\CodeIgniter->runController(Object(App\Controllers\ManipulasiDataPenduduk))
 3 SYSTEMPATH\CodeIgniter.php(351): CodeIgniter\CodeIgniter->handleRequest(null, Object(Config\Cache), false)
 4 FCPATH\index.php(55): CodeIgniter\CodeIgniter->run()
 5 SYSTEMPATH\Commands\Server\rewrite.php(43): require_once('FCPATH\\index.php')
CRITICAL - 2022-06-10 02:10:19 --> syntax error, unexpected single-quoted string "", expecting "]"
in APPPATH\Controllers\ManipulasiDataPenduduk.php on line 90.
 1 SYSTEMPATH\Autoloader\Autoloader.php(261): CodeIgniter\Autoloader\Autoloader->includeFile('APPPATH\\Controllers\\ManipulasiDataPenduduk.php')
 2 SYSTEMPATH\Autoloader\Autoloader.php(239): CodeIgniter\Autoloader\Autoloader->loadInNamespace('App\\Controllers\\ManipulasiDataPenduduk')
 3 [internal function]: CodeIgniter\Autoloader\Autoloader->loadClass('App\\Controllers\\ManipulasiDataPenduduk')
 4 SYSTEMPATH\CodeIgniter.php(848): class_exists('\\App\\Controllers\\ManipulasiDataPenduduk', true)
 5 SYSTEMPATH\CodeIgniter.php(455): CodeIgniter\CodeIgniter->startController()
 6 SYSTEMPATH\CodeIgniter.php(351): CodeIgniter\CodeIgniter->handleRequest(null, Object(Config\Cache), false)
 7 FCPATH\index.php(55): CodeIgniter\CodeIgniter->run()
 8 SYSTEMPATH\Commands\Server\rewrite.php(43): require_once('FCPATH\\index.php')
ERROR - 2022-06-10 02:11:09 --> Unknown column 'penduduk.id' in 'where clause'
CRITICAL - 2022-06-10 02:11:09 --> Unknown column 'penduduk.id' in 'where clause'
in SYSTEMPATH\Database\MySQLi\Connection.php on line 292.
 1 SYSTEMPATH\Database\MySQLi\Connection.php(292): mysqli->query('UPDATE `penduduk` SET `name` = \'Amar M\', `Tanggal_Lahir` = \'1999-04-24\', `Jenis_Kelamin` = \'Laki-Laki\', `Alamat` = \'Ds. Semanding kec. Semanding Kab Tuban\'
WHERE `penduduk`.`id` IN (\'AL14\')', 0)
 2 SYSTEMPATH\Database\BaseConnection.php(678): CodeIgniter\Database\MySQLi\Connection->execute('UPDATE `penduduk` SET `name` = \'Amar M\', `Tanggal_Lahir` = \'1999-04-24\', `Jenis_Kelamin` = \'Laki-Laki\', `Alamat` = \'Ds. Semanding kec. Semanding Kab Tuban\'
WHERE `penduduk`.`id` IN (\'AL14\')')
 3 SYSTEMPATH\Database\BaseConnection.php(606): CodeIgniter\Database\BaseConnection->simpleQuery('UPDATE `penduduk` SET `name` = \'Amar M\', `Tanggal_Lahir` = \'1999-04-24\', `Jenis_Kelamin` = \'Laki-Laki\', `Alamat` = \'Ds. Semanding kec. Semanding Kab Tuban\'
WHERE `penduduk`.`id` IN (\'AL14\')')
 4 SYSTEMPATH\Database\BaseBuilder.php(2046): CodeIgniter\Database\BaseConnection->query('UPDATE `penduduk` SET `name` = :name:, `Tanggal_Lahir` = :Tanggal_Lahir:, `Jenis_Kelamin` = :Jenis_Kelamin:, `Alamat` = :Alamat:
WHERE `penduduk`.`id` IN :penduduk.id:', [...], false)
 5 SYSTEMPATH\Model.php(337): CodeIgniter\Database\BaseBuilder->update()
 6 SYSTEMPATH\BaseModel.php(865): CodeIgniter\Model->doUpdate([...], [...])
 7 SYSTEMPATH\Model.php(692): CodeIgniter\BaseModel->update([...], [...])
 8 APPPATH\Models\PeopleModel.php(43): CodeIgniter\Model->update('AL14', [...])
 9 APPPATH\Controllers\ManipulasiDataPenduduk.php(105): App\Models\PeopleModel->edit('AL14')
10 SYSTEMPATH\CodeIgniter.php(898): App\Controllers\ManipulasiDataPenduduk->edit('AL14')
11 SYSTEMPATH\CodeIgniter.php(468): CodeIgniter\CodeIgniter->runController(Object(App\Controllers\ManipulasiDataPenduduk))
12 SYSTEMPATH\CodeIgniter.php(351): CodeIgniter\CodeIgniter->handleRequest(null, Object(Config\Cache), false)
13 FCPATH\index.php(55): CodeIgniter\CodeIgniter->run()
14 SYSTEMPATH\Commands\Server\rewrite.php(43): require_once('FCPATH\\index.php')
ERROR - 2022-06-10 02:15:39 --> Unknown column 'penduduk.id' in 'where clause'
CRITICAL - 2022-06-10 02:15:39 --> Unknown column 'penduduk.id' in 'where clause'
in SYSTEMPATH\Database\MySQLi\Connection.php on line 292.
 1 SYSTEMPATH\Database\MySQLi\Connection.php(292): mysqli->query('UPDATE `penduduk` SET `name` = \'Amar M\', `Tanggal_Lahir` = \'1999-04-24\', `Jenis_Kelamin` = \'Laki-Laki\', `Alamat` = \'Ds. Semanding kec. Semanding Kab Tuban\'
WHERE `penduduk`.`id` IN (\'AL14\')', 0)
 2 SYSTEMPATH\Database\BaseConnection.php(678): CodeIgniter\Database\MySQLi\Connection->execute('UPDATE `penduduk` SET `name` = \'Amar M\', `Tanggal_Lahir` = \'1999-04-24\', `Jenis_Kelamin` = \'Laki-Laki\', `Alamat` = \'Ds. Semanding kec. Semanding Kab Tuban\'
WHERE `penduduk`.`id` IN (\'AL14\')')
 3 SYSTEMPATH\Database\BaseConnection.php(606): CodeIgniter\Database\BaseConnection->simpleQuery('UPDATE `penduduk` SET `name` = \'Amar M\', `Tanggal_Lahir` = \'1999-04-24\', `Jenis_Kelamin` = \'Laki-Laki\', `Alamat` = \'Ds. Semanding kec. Semanding Kab Tuban\'
WHERE `penduduk`.`id` IN (\'AL14\')')
 4 SYSTEMPATH\Database\BaseBuilder.php(2046): CodeIgniter\Database\BaseConnection->query('UPDATE `penduduk` SET `name` = :name:, `Tanggal_Lahir` = :Tanggal_Lahir:, `Jenis_Kelamin` = :Jenis_Kelamin:, `Alamat` = :Alamat:
WHERE `penduduk`.`id` IN :penduduk.id:', [...], false)
 5 SYSTEMPATH\Model.php(337): CodeIgniter\Database\BaseBuilder->update()
 6 SYSTEMPATH\BaseModel.php(865): CodeIgniter\Model->doUpdate([...], [...])
 7 SYSTEMPATH\Model.php(692): CodeIgniter\BaseModel->update([...], [...])
 8 APPPATH\Models\PeopleModel.php(43): CodeIgniter\Model->update('AL14', [...])
 9 APPPATH\Controllers\ManipulasiDataPenduduk.php(105): App\Models\PeopleModel->edit('AL14')
10 SYSTEMPATH\CodeIgniter.php(898): App\Controllers\ManipulasiDataPenduduk->edit('AL14')
11 SYSTEMPATH\CodeIgniter.php(468): CodeIgniter\CodeIgniter->runController(Object(App\Controllers\ManipulasiDataPenduduk))
12 SYSTEMPATH\CodeIgniter.php(351): CodeIgniter\CodeIgniter->handleRequest(null, Object(Config\Cache), false)
13 FCPATH\index.php(55): CodeIgniter\CodeIgniter->run()
14 SYSTEMPATH\Commands\Server\rewrite.php(43): require_once('FCPATH\\index.php')
ERROR - 2022-06-10 03:23:40 --> Unknown column 'id' in 'where clause'
CRITICAL - 2022-06-10 03:23:40 --> Unknown column 'id' in 'where clause'
in SYSTEMPATH\Database\MySQLi\Connection.php on line 292.
 1 SYSTEMPATH\Database\MySQLi\Connection.php(292): mysqli->query('DELETE FROM `penduduk`
WHERE `id` IN (\'AL14\')', 0)
 2 SYSTEMPATH\Database\BaseConnection.php(678): CodeIgniter\Database\MySQLi\Connection->execute('DELETE FROM `penduduk`
WHERE `id` IN (\'AL14\')')
 3 SYSTEMPATH\Database\BaseConnection.php(606): CodeIgniter\Database\BaseConnection->simpleQuery('DELETE FROM `penduduk`
WHERE `id` IN (\'AL14\')')
 4 SYSTEMPATH\Database\BaseBuilder.php(2358): CodeIgniter\Database\BaseConnection->query('DELETE FROM `penduduk`
WHERE `id` IN :id:', [...], false)
 5 SYSTEMPATH\Model.php(400): CodeIgniter\Database\BaseBuilder->delete()
 6 SYSTEMPATH\BaseModel.php(963): CodeIgniter\Model->doDelete([...], false)
 7 APPPATH\Controllers\ManipulasiDataPenduduk.php(117): CodeIgniter\BaseModel->delete([...])
 8 SYSTEMPATH\CodeIgniter.php(898): App\Controllers\ManipulasiDataPenduduk->delete('AL14')
 9 SYSTEMPATH\CodeIgniter.php(468): CodeIgniter\CodeIgniter->runController(Object(App\Controllers\ManipulasiDataPenduduk))
10 SYSTEMPATH\CodeIgniter.php(351): CodeIgniter\CodeIgniter->handleRequest(null, Object(Config\Cache), false)
11 FCPATH\index.php(55): CodeIgniter\CodeIgniter->run()
12 SYSTEMPATH\Commands\Server\rewrite.php(43): require_once('FCPATH\\index.php')
ERROR - 2022-06-10 03:25:08 --> Unknown column 'id' in 'where clause'
CRITICAL - 2022-06-10 03:25:08 --> Unknown column 'id' in 'where clause'
in SYSTEMPATH\Database\MySQLi\Connection.php on line 292.
 1 SYSTEMPATH\Database\MySQLi\Connection.php(292): mysqli->query('DELETE FROM `penduduk`
WHERE `id` IN (\'AL1\')', 0)
 2 SYSTEMPATH\Database\BaseConnection.php(678): CodeIgniter\Database\MySQLi\Connection->execute('DELETE FROM `penduduk`
WHERE `id` IN (\'AL1\')')
 3 SYSTEMPATH\Database\BaseConnection.php(606): CodeIgniter\Database\BaseConnection->simpleQuery('DELETE FROM `penduduk`
WHERE `id` IN (\'AL1\')')
 4 SYSTEMPATH\Database\BaseBuilder.php(2358): CodeIgniter\Database\BaseConnection->query('DELETE FROM `penduduk`
WHERE `id` IN :id:', [...], false)
 5 SYSTEMPATH\Model.php(400): CodeIgniter\Database\BaseBuilder->delete()
 6 SYSTEMPATH\BaseModel.php(963): CodeIgniter\Model->doDelete([...], false)
 7 APPPATH\Controllers\ManipulasiDataPenduduk.php(117): CodeIgniter\BaseModel->delete([...])
 8 SYSTEMPATH\CodeIgniter.php(898): App\Controllers\ManipulasiDataPenduduk->delete('AL1')
 9 SYSTEMPATH\CodeIgniter.php(468): CodeIgniter\CodeIgniter->runController(Object(App\Controllers\ManipulasiDataPenduduk))
10 SYSTEMPATH\CodeIgniter.php(351): CodeIgniter\CodeIgniter->handleRequest(null, Object(Config\Cache), false)
11 FCPATH\index.php(55): CodeIgniter\CodeIgniter->run()
12 SYSTEMPATH\Commands\Server\rewrite.php(43): require_once('FCPATH\\index.php')
ERROR - 2022-06-10 03:33:04 --> Unknown column 'id' in 'where clause'
CRITICAL - 2022-06-10 03:33:04 --> Unknown column 'id' in 'where clause'
in SYSTEMPATH\Database\MySQLi\Connection.php on line 292.
 1 SYSTEMPATH\Database\MySQLi\Connection.php(292): mysqli->query('DELETE FROM `penduduk`
WHERE `id` IN (\'AL14\')', 0)
 2 SYSTEMPATH\Database\BaseConnection.php(678): CodeIgniter\Database\MySQLi\Connection->execute('DELETE FROM `penduduk`
WHERE `id` IN (\'AL14\')')
 3 SYSTEMPATH\Database\BaseConnection.php(606): CodeIgniter\Database\BaseConnection->simpleQuery('DELETE FROM `penduduk`
WHERE `id` IN (\'AL14\')')
 4 SYSTEMPATH\Database\BaseBuilder.php(2358): CodeIgniter\Database\BaseConnection->query('DELETE FROM `penduduk`
WHERE `id` IN :id:', [...], false)
 5 SYSTEMPATH\Model.php(400): CodeIgniter\Database\BaseBuilder->delete()
 6 SYSTEMPATH\BaseModel.php(963): CodeIgniter\Model->doDelete([...], false)
 7 APPPATH\Controllers\ManipulasiDataPenduduk.php(117): CodeIgniter\BaseModel->delete([...])
 8 SYSTEMPATH\CodeIgniter.php(898): App\Controllers\ManipulasiDataPenduduk->delete('AL14')
 9 SYSTEMPATH\CodeIgniter.php(468): CodeIgniter\CodeIgniter->runController(Object(App\Controllers\ManipulasiDataPenduduk))
10 SYSTEMPATH\CodeIgniter.php(351): CodeIgniter\CodeIgniter->handleRequest(null, Object(Config\Cache), false)
11 FCPATH\index.php(55): CodeIgniter\CodeIgniter->run()
12 SYSTEMPATH\Commands\Server\rewrite.php(43): require_once('FCPATH\\index.php')
ERROR - 2022-06-10 03:33:46 --> Unknown column 'id' in 'where clause'
CRITICAL - 2022-06-10 03:33:46 --> Unknown column 'id' in 'where clause'
in SYSTEMPATH\Database\MySQLi\Connection.php on line 292.
 1 SYSTEMPATH\Database\MySQLi\Connection.php(292): mysqli->query('DELETE FROM `penduduk`
WHERE `id` IN (\'AL1\')', 0)
 2 SYSTEMPATH\Database\BaseConnection.php(678): CodeIgniter\Database\MySQLi\Connection->execute('DELETE FROM `penduduk`
WHERE `id` IN (\'AL1\')')
 3 SYSTEMPATH\Database\BaseConnection.php(606): CodeIgniter\Database\BaseConnection->simpleQuery('DELETE FROM `penduduk`
WHERE `id` IN (\'AL1\')')
 4 SYSTEMPATH\Database\BaseBuilder.php(2358): CodeIgniter\Database\BaseConnection->query('DELETE FROM `penduduk`
WHERE `id` IN :id:', [...], false)
 5 SYSTEMPATH\Model.php(400): CodeIgniter\Database\BaseBuilder->delete()
 6 SYSTEMPATH\BaseModel.php(963): CodeIgniter\Model->doDelete([...], false)
 7 APPPATH\Controllers\ManipulasiDataPenduduk.php(117): CodeIgniter\BaseModel->delete([...])
 8 SYSTEMPATH\CodeIgniter.php(898): App\Controllers\ManipulasiDataPenduduk->delete('AL1')
 9 SYSTEMPATH\CodeIgniter.php(468): CodeIgniter\CodeIgniter->runController(Object(App\Controllers\ManipulasiDataPenduduk))
10 SYSTEMPATH\CodeIgniter.php(351): CodeIgniter\CodeIgniter->handleRequest(null, Object(Config\Cache), false)
11 FCPATH\index.php(55): CodeIgniter\CodeIgniter->run()
12 SYSTEMPATH\Commands\Server\rewrite.php(43): require_once('FCPATH\\index.php')
ERROR - 2022-06-10 03:34:18 --> Unknown column 'id' in 'where clause'
CRITICAL - 2022-06-10 03:34:18 --> Unknown column 'id' in 'where clause'
in SYSTEMPATH\Database\MySQLi\Connection.php on line 292.
 1 SYSTEMPATH\Database\MySQLi\Connection.php(292): mysqli->query('DELETE FROM `penduduk`
WHERE `id` IN (\'AL1\')', 0)
 2 SYSTEMPATH\Database\BaseConnection.php(678): CodeIgniter\Database\MySQLi\Connection->execute('DELETE FROM `penduduk`
WHERE `id` IN (\'AL1\')')
 3 SYSTEMPATH\Database\BaseConnection.php(606): CodeIgniter\Database\BaseConnection->simpleQuery('DELETE FROM `penduduk`
WHERE `id` IN (\'AL1\')')
 4 SYSTEMPATH\Database\BaseBuilder.php(2358): CodeIgniter\Database\BaseConnection->query('DELETE FROM `penduduk`
WHERE `id` IN :id:', [...], false)
 5 SYSTEMPATH\Model.php(400): CodeIgniter\Database\BaseBuilder->delete()
 6 SYSTEMPATH\BaseModel.php(963): CodeIgniter\Model->doDelete([...], false)
 7 APPPATH\Controllers\ManipulasiDataPenduduk.php(117): CodeIgniter\BaseModel->delete([...])
 8 SYSTEMPATH\CodeIgniter.php(898): App\Controllers\ManipulasiDataPenduduk->delete('AL1')
 9 SYSTEMPATH\CodeIgniter.php(468): CodeIgniter\CodeIgniter->runController(Object(App\Controllers\ManipulasiDataPenduduk))
10 SYSTEMPATH\CodeIgniter.php(351): CodeIgniter\CodeIgniter->handleRequest(null, Object(Config\Cache), false)
11 FCPATH\index.php(55): CodeIgniter\CodeIgniter->run()
12 SYSTEMPATH\Commands\Server\rewrite.php(43): require_once('FCPATH\\index.php')
ERROR - 2022-06-10 03:38:55 --> Unknown column 'id' in 'where clause'
CRITICAL - 2022-06-10 03:38:55 --> Unknown column 'id' in 'where clause'
in SYSTEMPATH\Database\MySQLi\Connection.php on line 292.
 1 SYSTEMPATH\Database\MySQLi\Connection.php(292): mysqli->query('DELETE FROM `penduduk`
WHERE `id` IN (\'AL10\')', 0)
 2 SYSTEMPATH\Database\BaseConnection.php(678): CodeIgniter\Database\MySQLi\Connection->execute('DELETE FROM `penduduk`
WHERE `id` IN (\'AL10\')')
 3 SYSTEMPATH\Database\BaseConnection.php(606): CodeIgniter\Database\BaseConnection->simpleQuery('DELETE FROM `penduduk`
WHERE `id` IN (\'AL10\')')
 4 SYSTEMPATH\Database\BaseBuilder.php(2358): CodeIgniter\Database\BaseConnection->query('DELETE FROM `penduduk`
WHERE `id` IN :id:', [...], false)
 5 SYSTEMPATH\Model.php(400): CodeIgniter\Database\BaseBuilder->delete()
 6 SYSTEMPATH\BaseModel.php(963): CodeIgniter\Model->doDelete([...], false)
 7 APPPATH\Controllers\ManipulasiDataPenduduk.php(117): CodeIgniter\BaseModel->delete([...])
 8 SYSTEMPATH\CodeIgniter.php(898): App\Controllers\ManipulasiDataPenduduk->delete('AL10')
 9 SYSTEMPATH\CodeIgniter.php(468): CodeIgniter\CodeIgniter->runController(Object(App\Controllers\ManipulasiDataPenduduk))
10 SYSTEMPATH\CodeIgniter.php(351): CodeIgniter\CodeIgniter->handleRequest(null, Object(Config\Cache), false)
11 FCPATH\index.php(55): CodeIgniter\CodeIgniter->run()
12 SYSTEMPATH\Commands\Server\rewrite.php(43): require_once('FCPATH\\index.php')
ERROR - 2022-06-10 03:38:59 --> Unknown column 'id' in 'where clause'
CRITICAL - 2022-06-10 03:38:59 --> Unknown column 'id' in 'where clause'
in SYSTEMPATH\Database\MySQLi\Connection.php on line 292.
 1 SYSTEMPATH\Database\MySQLi\Connection.php(292): mysqli->query('DELETE FROM `penduduk`
WHERE `id` IN (\'AL1\')', 0)
 2 SYSTEMPATH\Database\BaseConnection.php(678): CodeIgniter\Database\MySQLi\Connection->execute('DELETE FROM `penduduk`
WHERE `id` IN (\'AL1\')')
 3 SYSTEMPATH\Database\BaseConnection.php(606): CodeIgniter\Database\BaseConnection->simpleQuery('DELETE FROM `penduduk`
WHERE `id` IN (\'AL1\')')
 4 SYSTEMPATH\Database\BaseBuilder.php(2358): CodeIgniter\Database\BaseConnection->query('DELETE FROM `penduduk`
WHERE `id` IN :id:', [...], false)
 5 SYSTEMPATH\Model.php(400): CodeIgniter\Database\BaseBuilder->delete()
 6 SYSTEMPATH\BaseModel.php(963): CodeIgniter\Model->doDelete([...], false)
 7 APPPATH\Controllers\ManipulasiDataPenduduk.php(117): CodeIgniter\BaseModel->delete([...])
 8 SYSTEMPATH\CodeIgniter.php(898): App\Controllers\ManipulasiDataPenduduk->delete('AL1')
 9 SYSTEMPATH\CodeIgniter.php(468): CodeIgniter\CodeIgniter->runController(Object(App\Controllers\ManipulasiDataPenduduk))
10 SYSTEMPATH\CodeIgniter.php(351): CodeIgniter\CodeIgniter->handleRequest(null, Object(Config\Cache), false)
11 FCPATH\index.php(55): CodeIgniter\CodeIgniter->run()
12 SYSTEMPATH\Commands\Server\rewrite.php(43): require_once('FCPATH\\index.php')
ERROR - 2022-06-10 03:39:40 --> Unknown column 'id' in 'where clause'
CRITICAL - 2022-06-10 03:39:40 --> Unknown column 'id' in 'where clause'
in SYSTEMPATH\Database\MySQLi\Connection.php on line 292.
 1 SYSTEMPATH\Database\MySQLi\Connection.php(292): mysqli->query('DELETE FROM `penduduk`
WHERE `id` IN (\'AL10\')', 0)
 2 SYSTEMPATH\Database\BaseConnection.php(678): CodeIgniter\Database\MySQLi\Connection->execute('DELETE FROM `penduduk`
WHERE `id` IN (\'AL10\')')
 3 SYSTEMPATH\Database\BaseConnection.php(606): CodeIgniter\Database\BaseConnection->simpleQuery('DELETE FROM `penduduk`
WHERE `id` IN (\'AL10\')')
 4 SYSTEMPATH\Database\BaseBuilder.php(2358): CodeIgniter\Database\BaseConnection->query('DELETE FROM `penduduk`
WHERE `id` IN :id:', [...], false)
 5 SYSTEMPATH\Model.php(400): CodeIgniter\Database\BaseBuilder->delete()
 6 SYSTEMPATH\BaseModel.php(963): CodeIgniter\Model->doDelete([...], false)
 7 APPPATH\Controllers\ManipulasiDataPenduduk.php(117): CodeIgniter\BaseModel->delete([...])
 8 SYSTEMPATH\CodeIgniter.php(898): App\Controllers\ManipulasiDataPenduduk->delete('AL10')
 9 SYSTEMPATH\CodeIgniter.php(468): CodeIgniter\CodeIgniter->runController(Object(App\Controllers\ManipulasiDataPenduduk))
10 SYSTEMPATH\CodeIgniter.php(351): CodeIgniter\CodeIgniter->handleRequest(null, Object(Config\Cache), false)
11 FCPATH\index.php(55): CodeIgniter\CodeIgniter->run()
12 SYSTEMPATH\Commands\Server\rewrite.php(43): require_once('FCPATH\\index.php')
ERROR - 2022-06-10 03:39:43 --> Unknown column 'id' in 'where clause'
CRITICAL - 2022-06-10 03:39:43 --> Unknown column 'id' in 'where clause'
in SYSTEMPATH\Database\MySQLi\Connection.php on line 292.
 1 SYSTEMPATH\Database\MySQLi\Connection.php(292): mysqli->query('DELETE FROM `penduduk`
WHERE `id` IN (\'AL1\')', 0)
 2 SYSTEMPATH\Database\BaseConnection.php(678): CodeIgniter\Database\MySQLi\Connection->execute('DELETE FROM `penduduk`
WHERE `id` IN (\'AL1\')')
 3 SYSTEMPATH\Database\BaseConnection.php(606): CodeIgniter\Database\BaseConnection->simpleQuery('DELETE FROM `penduduk`
WHERE `id` IN (\'AL1\')')
 4 SYSTEMPATH\Database\BaseBuilder.php(2358): CodeIgniter\Database\BaseConnection->query('DELETE FROM `penduduk`
WHERE `id` IN :id:', [...], false)
 5 SYSTEMPATH\Model.php(400): CodeIgniter\Database\BaseBuilder->delete()
 6 SYSTEMPATH\BaseModel.php(963): CodeIgniter\Model->doDelete([...], false)
 7 APPPATH\Controllers\ManipulasiDataPenduduk.php(117): CodeIgniter\BaseModel->delete([...])
 8 SYSTEMPATH\CodeIgniter.php(898): App\Controllers\ManipulasiDataPenduduk->delete('AL1')
 9 SYSTEMPATH\CodeIgniter.php(468): CodeIgniter\CodeIgniter->runController(Object(App\Controllers\ManipulasiDataPenduduk))
10 SYSTEMPATH\CodeIgniter.php(351): CodeIgniter\CodeIgniter->handleRequest(null, Object(Config\Cache), false)
11 FCPATH\index.php(55): CodeIgniter\CodeIgniter->run()
12 SYSTEMPATH\Commands\Server\rewrite.php(43): require_once('FCPATH\\index.php')
ERROR - 2022-06-10 03:40:08 --> Unknown column 'id' in 'where clause'
CRITICAL - 2022-06-10 03:40:08 --> Unknown column 'id' in 'where clause'
in SYSTEMPATH\Database\MySQLi\Connection.php on line 292.
 1 SYSTEMPATH\Database\MySQLi\Connection.php(292): mysqli->query('DELETE FROM `penduduk`
WHERE `id` IN (\'AL10\')', 0)
 2 SYSTEMPATH\Database\BaseConnection.php(678): CodeIgniter\Database\MySQLi\Connection->execute('DELETE FROM `penduduk`
WHERE `id` IN (\'AL10\')')
 3 SYSTEMPATH\Database\BaseConnection.php(606): CodeIgniter\Database\BaseConnection->simpleQuery('DELETE FROM `penduduk`
WHERE `id` IN (\'AL10\')')
 4 SYSTEMPATH\Database\BaseBuilder.php(2358): CodeIgniter\Database\BaseConnection->query('DELETE FROM `penduduk`
WHERE `id` IN :id:', [...], false)
 5 SYSTEMPATH\Model.php(400): CodeIgniter\Database\BaseBuilder->delete()
 6 SYSTEMPATH\BaseModel.php(963): CodeIgniter\Model->doDelete([...], false)
 7 APPPATH\Controllers\ManipulasiDataPenduduk.php(117): CodeIgniter\BaseModel->delete([...])
 8 SYSTEMPATH\CodeIgniter.php(898): App\Controllers\ManipulasiDataPenduduk->delete('AL10')
 9 SYSTEMPATH\CodeIgniter.php(468): CodeIgniter\CodeIgniter->runController(Object(App\Controllers\ManipulasiDataPenduduk))
10 SYSTEMPATH\CodeIgniter.php(351): CodeIgniter\CodeIgniter->handleRequest(null, Object(Config\Cache), false)
11 FCPATH\index.php(55): CodeIgniter\CodeIgniter->run()
12 SYSTEMPATH\Commands\Server\rewrite.php(43): require_once('FCPATH\\index.php')
ERROR - 2022-06-10 03:40:11 --> Unknown column 'id' in 'where clause'
CRITICAL - 2022-06-10 03:40:11 --> Unknown column 'id' in 'where clause'
in SYSTEMPATH\Database\MySQLi\Connection.php on line 292.
 1 SYSTEMPATH\Database\MySQLi\Connection.php(292): mysqli->query('DELETE FROM `penduduk`
WHERE `id` IN (\'AL1\')', 0)
 2 SYSTEMPATH\Database\BaseConnection.php(678): CodeIgniter\Database\MySQLi\Connection->execute('DELETE FROM `penduduk`
WHERE `id` IN (\'AL1\')')
 3 SYSTEMPATH\Database\BaseConnection.php(606): CodeIgniter\Database\BaseConnection->simpleQuery('DELETE FROM `penduduk`
WHERE `id` IN (\'AL1\')')
 4 SYSTEMPATH\Database\BaseBuilder.php(2358): CodeIgniter\Database\BaseConnection->query('DELETE FROM `penduduk`
WHERE `id` IN :id:', [...], false)
 5 SYSTEMPATH\Model.php(400): CodeIgniter\Database\BaseBuilder->delete()
 6 SYSTEMPATH\BaseModel.php(963): CodeIgniter\Model->doDelete([...], false)
 7 APPPATH\Controllers\ManipulasiDataPenduduk.php(117): CodeIgniter\BaseModel->delete([...])
 8 SYSTEMPATH\CodeIgniter.php(898): App\Controllers\ManipulasiDataPenduduk->delete('AL1')
 9 SYSTEMPATH\CodeIgniter.php(468): CodeIgniter\CodeIgniter->runController(Object(App\Controllers\ManipulasiDataPenduduk))
10 SYSTEMPATH\CodeIgniter.php(351): CodeIgniter\CodeIgniter->handleRequest(null, Object(Config\Cache), false)
11 FCPATH\index.php(55): CodeIgniter\CodeIgniter->run()
12 SYSTEMPATH\Commands\Server\rewrite.php(43): require_once('FCPATH\\index.php')
ERROR - 2022-06-10 03:41:07 --> Unknown column 'id' in 'where clause'
CRITICAL - 2022-06-10 03:41:07 --> Unknown column 'id' in 'where clause'
in SYSTEMPATH\Database\MySQLi\Connection.php on line 292.
 1 SYSTEMPATH\Database\MySQLi\Connection.php(292): mysqli->query('DELETE FROM `penduduk`
WHERE `id` IN (\'AL10\')', 0)
 2 SYSTEMPATH\Database\BaseConnection.php(678): CodeIgniter\Database\MySQLi\Connection->execute('DELETE FROM `penduduk`
WHERE `id` IN (\'AL10\')')
 3 SYSTEMPATH\Database\BaseConnection.php(606): CodeIgniter\Database\BaseConnection->simpleQuery('DELETE FROM `penduduk`
WHERE `id` IN (\'AL10\')')
 4 SYSTEMPATH\Database\BaseBuilder.php(2358): CodeIgniter\Database\BaseConnection->query('DELETE FROM `penduduk`
WHERE `id` IN :id:', [...], false)
 5 SYSTEMPATH\Model.php(400): CodeIgniter\Database\BaseBuilder->delete()
 6 SYSTEMPATH\BaseModel.php(963): CodeIgniter\Model->doDelete([...], false)
 7 APPPATH\Controllers\ManipulasiDataPenduduk.php(117): CodeIgniter\BaseModel->delete([...])
 8 SYSTEMPATH\CodeIgniter.php(898): App\Controllers\ManipulasiDataPenduduk->delete('AL10')
 9 SYSTEMPATH\CodeIgniter.php(468): CodeIgniter\CodeIgniter->runController(Object(App\Controllers\ManipulasiDataPenduduk))
10 SYSTEMPATH\CodeIgniter.php(351): CodeIgniter\CodeIgniter->handleRequest(null, Object(Config\Cache), false)
11 FCPATH\index.php(55): CodeIgniter\CodeIgniter->run()
12 SYSTEMPATH\Commands\Server\rewrite.php(43): require_once('FCPATH\\index.php')
ERROR - 2022-06-10 03:41:10 --> Unknown column 'id' in 'where clause'
CRITICAL - 2022-06-10 03:41:10 --> Unknown column 'id' in 'where clause'
in SYSTEMPATH\Database\MySQLi\Connection.php on line 292.
 1 SYSTEMPATH\Database\MySQLi\Connection.php(292): mysqli->query('DELETE FROM `penduduk`
WHERE `id` IN (\'AL1\')', 0)
 2 SYSTEMPATH\Database\BaseConnection.php(678): CodeIgniter\Database\MySQLi\Connection->execute('DELETE FROM `penduduk`
WHERE `id` IN (\'AL1\')')
 3 SYSTEMPATH\Database\BaseConnection.php(606): CodeIgniter\Database\BaseConnection->simpleQuery('DELETE FROM `penduduk`
WHERE `id` IN (\'AL1\')')
 4 SYSTEMPATH\Database\BaseBuilder.php(2358): CodeIgniter\Database\BaseConnection->query('DELETE FROM `penduduk`
WHERE `id` IN :id:', [...], false)
 5 SYSTEMPATH\Model.php(400): CodeIgniter\Database\BaseBuilder->delete()
 6 SYSTEMPATH\BaseModel.php(963): CodeIgniter\Model->doDelete([...], false)
 7 APPPATH\Controllers\ManipulasiDataPenduduk.php(117): CodeIgniter\BaseModel->delete([...])
 8 SYSTEMPATH\CodeIgniter.php(898): App\Controllers\ManipulasiDataPenduduk->delete('AL1')
 9 SYSTEMPATH\CodeIgniter.php(468): CodeIgniter\CodeIgniter->runController(Object(App\Controllers\ManipulasiDataPenduduk))
10 SYSTEMPATH\CodeIgniter.php(351): CodeIgniter\CodeIgniter->handleRequest(null, Object(Config\Cache), false)
11 FCPATH\index.php(55): CodeIgniter\CodeIgniter->run()
12 SYSTEMPATH\Commands\Server\rewrite.php(43): require_once('FCPATH\\index.php')
ERROR - 2022-06-10 03:41:59 --> Unknown column 'id' in 'where clause'
CRITICAL - 2022-06-10 03:41:59 --> Unknown column 'id' in 'where clause'
in SYSTEMPATH\Database\MySQLi\Connection.php on line 292.
 1 SYSTEMPATH\Database\MySQLi\Connection.php(292): mysqli->query('DELETE FROM `penduduk`
WHERE `id` IN (\'AL10\')', 0)
 2 SYSTEMPATH\Database\BaseConnection.php(678): CodeIgniter\Database\MySQLi\Connection->execute('DELETE FROM `penduduk`
WHERE `id` IN (\'AL10\')')
 3 SYSTEMPATH\Database\BaseConnection.php(606): CodeIgniter\Database\BaseConnection->simpleQuery('DELETE FROM `penduduk`
WHERE `id` IN (\'AL10\')')
 4 SYSTEMPATH\Database\BaseBuilder.php(2358): CodeIgniter\Database\BaseConnection->query('DELETE FROM `penduduk`
WHERE `id` IN :id:', [...], false)
 5 SYSTEMPATH\Model.php(400): CodeIgniter\Database\BaseBuilder->delete()
 6 SYSTEMPATH\BaseModel.php(963): CodeIgniter\Model->doDelete([...], false)
 7 APPPATH\Controllers\ManipulasiDataPenduduk.php(117): CodeIgniter\BaseModel->delete([...])
 8 SYSTEMPATH\CodeIgniter.php(898): App\Controllers\ManipulasiDataPenduduk->delete('AL10')
 9 SYSTEMPATH\CodeIgniter.php(468): CodeIgniter\CodeIgniter->runController(Object(App\Controllers\ManipulasiDataPenduduk))
10 SYSTEMPATH\CodeIgniter.php(351): CodeIgniter\CodeIgniter->handleRequest(null, Object(Config\Cache), false)
11 FCPATH\index.php(55): CodeIgniter\CodeIgniter->run()
12 SYSTEMPATH\Commands\Server\rewrite.php(43): require_once('FCPATH\\index.php')
ERROR - 2022-06-10 03:42:05 --> Unknown column 'id' in 'where clause'
CRITICAL - 2022-06-10 03:42:05 --> Unknown column 'id' in 'where clause'
in SYSTEMPATH\Database\MySQLi\Connection.php on line 292.
 1 SYSTEMPATH\Database\MySQLi\Connection.php(292): mysqli->query('DELETE FROM `penduduk`
WHERE `id` IN (\'AL1\')', 0)
 2 SYSTEMPATH\Database\BaseConnection.php(678): CodeIgniter\Database\MySQLi\Connection->execute('DELETE FROM `penduduk`
WHERE `id` IN (\'AL1\')')
 3 SYSTEMPATH\Database\BaseConnection.php(606): CodeIgniter\Database\BaseConnection->simpleQuery('DELETE FROM `penduduk`
WHERE `id` IN (\'AL1\')')
 4 SYSTEMPATH\Database\BaseBuilder.php(2358): CodeIgniter\Database\BaseConnection->query('DELETE FROM `penduduk`
WHERE `id` IN :id:', [...], false)
 5 SYSTEMPATH\Model.php(400): CodeIgniter\Database\BaseBuilder->delete()
 6 SYSTEMPATH\BaseModel.php(963): CodeIgniter\Model->doDelete([...], false)
 7 APPPATH\Controllers\ManipulasiDataPenduduk.php(117): CodeIgniter\BaseModel->delete([...])
 8 SYSTEMPATH\CodeIgniter.php(898): App\Controllers\ManipulasiDataPenduduk->delete('AL1')
 9 SYSTEMPATH\CodeIgniter.php(468): CodeIgniter\CodeIgniter->runController(Object(App\Controllers\ManipulasiDataPenduduk))
10 SYSTEMPATH\CodeIgniter.php(351): CodeIgniter\CodeIgniter->handleRequest(null, Object(Config\Cache), false)
11 FCPATH\index.php(55): CodeIgniter\CodeIgniter->run()
12 SYSTEMPATH\Commands\Server\rewrite.php(43): require_once('FCPATH\\index.php')
ERROR - 2022-06-10 03:44:11 --> Unknown column 'id' in 'where clause'
CRITICAL - 2022-06-10 03:44:11 --> Unknown column 'id' in 'where clause'
in SYSTEMPATH\Database\MySQLi\Connection.php on line 292.
 1 SYSTEMPATH\Database\MySQLi\Connection.php(292): mysqli->query('DELETE FROM `penduduk`
WHERE `id` IN (\'AL1\')', 0)
 2 SYSTEMPATH\Database\BaseConnection.php(678): CodeIgniter\Database\MySQLi\Connection->execute('DELETE FROM `penduduk`
WHERE `id` IN (\'AL1\')')
 3 SYSTEMPATH\Database\BaseConnection.php(606): CodeIgniter\Database\BaseConnection->simpleQuery('DELETE FROM `penduduk`
WHERE `id` IN (\'AL1\')')
 4 SYSTEMPATH\Database\BaseBuilder.php(2358): CodeIgniter\Database\BaseConnection->query('DELETE FROM `penduduk`
WHERE `id` IN :id:', [...], false)
 5 SYSTEMPATH\Model.php(400): CodeIgniter\Database\BaseBuilder->delete()
 6 SYSTEMPATH\BaseModel.php(963): CodeIgniter\Model->doDelete([...], false)
 7 APPPATH\Controllers\ManipulasiDataPenduduk.php(117): CodeIgniter\BaseModel->delete([...])
 8 SYSTEMPATH\CodeIgniter.php(898): App\Controllers\ManipulasiDataPenduduk->delete('AL1')
 9 SYSTEMPATH\CodeIgniter.php(468): CodeIgniter\CodeIgniter->runController(Object(App\Controllers\ManipulasiDataPenduduk))
10 SYSTEMPATH\CodeIgniter.php(351): CodeIgniter\CodeIgniter->handleRequest(null, Object(Config\Cache), false)
11 FCPATH\index.php(55): CodeIgniter\CodeIgniter->run()
12 SYSTEMPATH\Commands\Server\rewrite.php(43): require_once('FCPATH\\index.php')
ERROR - 2022-06-10 03:44:24 --> Unknown column 'id' in 'where clause'
CRITICAL - 2022-06-10 03:44:24 --> Unknown column 'id' in 'where clause'
in SYSTEMPATH\Database\MySQLi\Connection.php on line 292.
 1 SYSTEMPATH\Database\MySQLi\Connection.php(292): mysqli->query('DELETE FROM `penduduk`
WHERE `id` IN (\'AL13\')', 0)
 2 SYSTEMPATH\Database\BaseConnection.php(678): CodeIgniter\Database\MySQLi\Connection->execute('DELETE FROM `penduduk`
WHERE `id` IN (\'AL13\')')
 3 SYSTEMPATH\Database\BaseConnection.php(606): CodeIgniter\Database\BaseConnection->simpleQuery('DELETE FROM `penduduk`
WHERE `id` IN (\'AL13\')')
 4 SYSTEMPATH\Database\BaseBuilder.php(2358): CodeIgniter\Database\BaseConnection->query('DELETE FROM `penduduk`
WHERE `id` IN :id:', [...], false)
 5 SYSTEMPATH\Model.php(400): CodeIgniter\Database\BaseBuilder->delete()
 6 SYSTEMPATH\BaseModel.php(963): CodeIgniter\Model->doDelete([...], false)
 7 APPPATH\Controllers\ManipulasiDataPenduduk.php(117): CodeIgniter\BaseModel->delete([...])
 8 SYSTEMPATH\CodeIgniter.php(898): App\Controllers\ManipulasiDataPenduduk->delete('AL13')
 9 SYSTEMPATH\CodeIgniter.php(468): CodeIgniter\CodeIgniter->runController(Object(App\Controllers\ManipulasiDataPenduduk))
10 SYSTEMPATH\CodeIgniter.php(351): CodeIgniter\CodeIgniter->handleRequest(null, Object(Config\Cache), false)
11 FCPATH\index.php(55): CodeIgniter\CodeIgniter->run()
12 SYSTEMPATH\Commands\Server\rewrite.php(43): require_once('FCPATH\\index.php')
ERROR - 2022-06-10 03:46:14 --> Unknown column 'id' in 'where clause'
CRITICAL - 2022-06-10 03:46:14 --> Unknown column 'id' in 'where clause'
in SYSTEMPATH\Database\MySQLi\Connection.php on line 292.
 1 SYSTEMPATH\Database\MySQLi\Connection.php(292): mysqli->query('DELETE FROM `penduduk`
WHERE `id` IN (\'AL1\')', 0)
 2 SYSTEMPATH\Database\BaseConnection.php(678): CodeIgniter\Database\MySQLi\Connection->execute('DELETE FROM `penduduk`
WHERE `id` IN (\'AL1\')')
 3 SYSTEMPATH\Database\BaseConnection.php(606): CodeIgniter\Database\BaseConnection->simpleQuery('DELETE FROM `penduduk`
WHERE `id` IN (\'AL1\')')
 4 SYSTEMPATH\Database\BaseBuilder.php(2358): CodeIgniter\Database\BaseConnection->query('DELETE FROM `penduduk`
WHERE `id` IN :id:', [...], false)
 5 SYSTEMPATH\Model.php(400): CodeIgniter\Database\BaseBuilder->delete()
 6 SYSTEMPATH\BaseModel.php(963): CodeIgniter\Model->doDelete([...], false)
 7 APPPATH\Controllers\ManipulasiDataPenduduk.php(117): CodeIgniter\BaseModel->delete([...])
 8 SYSTEMPATH\CodeIgniter.php(898): App\Controllers\ManipulasiDataPenduduk->delete('AL1')
 9 SYSTEMPATH\CodeIgniter.php(468): CodeIgniter\CodeIgniter->runController(Object(App\Controllers\ManipulasiDataPenduduk))
10 SYSTEMPATH\CodeIgniter.php(351): CodeIgniter\CodeIgniter->handleRequest(null, Object(Config\Cache), false)
11 FCPATH\index.php(55): CodeIgniter\CodeIgniter->run()
12 SYSTEMPATH\Commands\Server\rewrite.php(43): require_once('FCPATH\\index.php')
ERROR - 2022-06-10 03:46:19 --> Unknown column 'id' in 'where clause'
CRITICAL - 2022-06-10 03:46:19 --> Unknown column 'id' in 'where clause'
in SYSTEMPATH\Database\MySQLi\Connection.php on line 292.
 1 SYSTEMPATH\Database\MySQLi\Connection.php(292): mysqli->query('DELETE FROM `penduduk`
WHERE `id` IN (\'AL1\')', 0)
 2 SYSTEMPATH\Database\BaseConnection.php(678): CodeIgniter\Database\MySQLi\Connection->execute('DELETE FROM `penduduk`
WHERE `id` IN (\'AL1\')')
 3 SYSTEMPATH\Database\BaseConnection.php(606): CodeIgniter\Database\BaseConnection->simpleQuery('DELETE FROM `penduduk`
WHERE `id` IN (\'AL1\')')
 4 SYSTEMPATH\Database\BaseBuilder.php(2358): CodeIgniter\Database\BaseConnection->query('DELETE FROM `penduduk`
WHERE `id` IN :id:', [...], false)
 5 SYSTEMPATH\Model.php(400): CodeIgniter\Database\BaseBuilder->delete()
 6 SYSTEMPATH\BaseModel.php(963): CodeIgniter\Model->doDelete([...], false)
 7 APPPATH\Controllers\ManipulasiDataPenduduk.php(117): CodeIgniter\BaseModel->delete([...])
 8 SYSTEMPATH\CodeIgniter.php(898): App\Controllers\ManipulasiDataPenduduk->delete('AL1')
 9 SYSTEMPATH\CodeIgniter.php(468): CodeIgniter\CodeIgniter->runController(Object(App\Controllers\ManipulasiDataPenduduk))
10 SYSTEMPATH\CodeIgniter.php(351): CodeIgniter\CodeIgniter->handleRequest(null, Object(Config\Cache), false)
11 FCPATH\index.php(55): CodeIgniter\CodeIgniter->run()
12 SYSTEMPATH\Commands\Server\rewrite.php(43): require_once('FCPATH\\index.php')
ERROR - 2022-06-10 03:47:43 --> Unknown column 'id' in 'where clause'
CRITICAL - 2022-06-10 03:47:43 --> Unknown column 'id' in 'where clause'
in SYSTEMPATH\Database\MySQLi\Connection.php on line 292.
 1 SYSTEMPATH\Database\MySQLi\Connection.php(292): mysqli->query('DELETE FROM `penduduk`
WHERE `id` IN (\'AL1\')', 0)
 2 SYSTEMPATH\Database\BaseConnection.php(678): CodeIgniter\Database\MySQLi\Connection->execute('DELETE FROM `penduduk`
WHERE `id` IN (\'AL1\')')
 3 SYSTEMPATH\Database\BaseConnection.php(606): CodeIgniter\Database\BaseConnection->simpleQuery('DELETE FROM `penduduk`
WHERE `id` IN (\'AL1\')')
 4 SYSTEMPATH\Database\BaseBuilder.php(2358): CodeIgniter\Database\BaseConnection->query('DELETE FROM `penduduk`
WHERE `id` IN :id:', [...], false)
 5 SYSTEMPATH\Model.php(400): CodeIgniter\Database\BaseBuilder->delete()
 6 SYSTEMPATH\BaseModel.php(963): CodeIgniter\Model->doDelete([...], false)
 7 APPPATH\Controllers\ManipulasiDataPenduduk.php(117): CodeIgniter\BaseModel->delete([...])
 8 SYSTEMPATH\CodeIgniter.php(898): App\Controllers\ManipulasiDataPenduduk->delete('AL1')
 9 SYSTEMPATH\CodeIgniter.php(468): CodeIgniter\CodeIgniter->runController(Object(App\Controllers\ManipulasiDataPenduduk))
10 SYSTEMPATH\CodeIgniter.php(351): CodeIgniter\CodeIgniter->handleRequest(null, Object(Config\Cache), false)
11 FCPATH\index.php(55): CodeIgniter\CodeIgniter->run()
12 SYSTEMPATH\Commands\Server\rewrite.php(43): require_once('FCPATH\\index.php')
ERROR - 2022-06-10 03:48:45 --> Unknown column 'id' in 'where clause'
CRITICAL - 2022-06-10 03:48:45 --> Unknown column 'id' in 'where clause'
in SYSTEMPATH\Database\MySQLi\Connection.php on line 292.
 1 SYSTEMPATH\Database\MySQLi\Connection.php(292): mysqli->query('DELETE FROM `penduduk`
WHERE `id` IN (\'AL1\')', 0)
 2 SYSTEMPATH\Database\BaseConnection.php(678): CodeIgniter\Database\MySQLi\Connection->execute('DELETE FROM `penduduk`
WHERE `id` IN (\'AL1\')')
 3 SYSTEMPATH\Database\BaseConnection.php(606): CodeIgniter\Database\BaseConnection->simpleQuery('DELETE FROM `penduduk`
WHERE `id` IN (\'AL1\')')
 4 SYSTEMPATH\Database\BaseBuilder.php(2358): CodeIgniter\Database\BaseConnection->query('DELETE FROM `penduduk`
WHERE `id` IN :id:', [...], false)
 5 SYSTEMPATH\Model.php(400): CodeIgniter\Database\BaseBuilder->delete()
 6 SYSTEMPATH\BaseModel.php(963): CodeIgniter\Model->doDelete([...], false)
 7 APPPATH\Controllers\ManipulasiDataPenduduk.php(117): CodeIgniter\BaseModel->delete([...])
 8 SYSTEMPATH\CodeIgniter.php(898): App\Controllers\ManipulasiDataPenduduk->delete('AL1')
 9 SYSTEMPATH\CodeIgniter.php(468): CodeIgniter\CodeIgniter->runController(Object(App\Controllers\ManipulasiDataPenduduk))
10 SYSTEMPATH\CodeIgniter.php(351): CodeIgniter\CodeIgniter->handleRequest(null, Object(Config\Cache), false)
11 FCPATH\index.php(55): CodeIgniter\CodeIgniter->run()
12 SYSTEMPATH\Commands\Server\rewrite.php(43): require_once('FCPATH\\index.php')
ERROR - 2022-06-10 03:49:13 --> Unknown column 'id' in 'where clause'
CRITICAL - 2022-06-10 03:49:13 --> Unknown column 'id' in 'where clause'
in SYSTEMPATH\Database\MySQLi\Connection.php on line 292.
 1 SYSTEMPATH\Database\MySQLi\Connection.php(292): mysqli->query('DELETE FROM `penduduk`
WHERE `id` IN (\'AL1\')', 0)
 2 SYSTEMPATH\Database\BaseConnection.php(678): CodeIgniter\Database\MySQLi\Connection->execute('DELETE FROM `penduduk`
WHERE `id` IN (\'AL1\')')
 3 SYSTEMPATH\Database\BaseConnection.php(606): CodeIgniter\Database\BaseConnection->simpleQuery('DELETE FROM `penduduk`
WHERE `id` IN (\'AL1\')')
 4 SYSTEMPATH\Database\BaseBuilder.php(2358): CodeIgniter\Database\BaseConnection->query('DELETE FROM `penduduk`
WHERE `id` IN :id:', [...], false)
 5 SYSTEMPATH\Model.php(400): CodeIgniter\Database\BaseBuilder->delete()
 6 SYSTEMPATH\BaseModel.php(963): CodeIgniter\Model->doDelete([...], false)
 7 APPPATH\Controllers\ManipulasiDataPenduduk.php(117): CodeIgniter\BaseModel->delete([...])
 8 SYSTEMPATH\CodeIgniter.php(898): App\Controllers\ManipulasiDataPenduduk->delete('AL1')
 9 SYSTEMPATH\CodeIgniter.php(468): CodeIgniter\CodeIgniter->runController(Object(App\Controllers\ManipulasiDataPenduduk))
10 SYSTEMPATH\CodeIgniter.php(351): CodeIgniter\CodeIgniter->handleRequest(null, Object(Config\Cache), false)
11 FCPATH\index.php(55): CodeIgniter\CodeIgniter->run()
12 SYSTEMPATH\Commands\Server\rewrite.php(43): require_once('FCPATH\\index.php')
ERROR - 2022-06-10 03:52:32 --> Unknown column 'id' in 'where clause'
CRITICAL - 2022-06-10 03:52:32 --> Unknown column 'id' in 'where clause'
in SYSTEMPATH\Database\MySQLi\Connection.php on line 292.
 1 SYSTEMPATH\Database\MySQLi\Connection.php(292): mysqli->query('DELETE FROM `penduduk`
WHERE `id` IN (\'AL1\')', 0)
 2 SYSTEMPATH\Database\BaseConnection.php(678): CodeIgniter\Database\MySQLi\Connection->execute('DELETE FROM `penduduk`
WHERE `id` IN (\'AL1\')')
 3 SYSTEMPATH\Database\BaseConnection.php(606): CodeIgniter\Database\BaseConnection->simpleQuery('DELETE FROM `penduduk`
WHERE `id` IN (\'AL1\')')
 4 SYSTEMPATH\Database\BaseBuilder.php(2358): CodeIgniter\Database\BaseConnection->query('DELETE FROM `penduduk`
WHERE `id` IN :id:', [...], false)
 5 SYSTEMPATH\Model.php(400): CodeIgniter\Database\BaseBuilder->delete()
 6 SYSTEMPATH\BaseModel.php(963): CodeIgniter\Model->doDelete([...], false)
 7 APPPATH\Controllers\ManipulasiDataPenduduk.php(117): CodeIgniter\BaseModel->delete([...])
 8 SYSTEMPATH\CodeIgniter.php(898): App\Controllers\ManipulasiDataPenduduk->delete('AL1')
 9 SYSTEMPATH\CodeIgniter.php(468): CodeIgniter\CodeIgniter->runController(Object(App\Controllers\ManipulasiDataPenduduk))
10 SYSTEMPATH\CodeIgniter.php(351): CodeIgniter\CodeIgniter->handleRequest(null, Object(Config\Cache), false)
11 FCPATH\index.php(55): CodeIgniter\CodeIgniter->run()
12 SYSTEMPATH\Commands\Server\rewrite.php(43): require_once('FCPATH\\index.php')
ERROR - 2022-06-10 03:52:43 --> Unknown column 'id' in 'where clause'
CRITICAL - 2022-06-10 03:52:43 --> Unknown column 'id' in 'where clause'
in SYSTEMPATH\Database\MySQLi\Connection.php on line 292.
 1 SYSTEMPATH\Database\MySQLi\Connection.php(292): mysqli->query('DELETE FROM `penduduk`
WHERE `id` IN (\'AL11\')', 0)
 2 SYSTEMPATH\Database\BaseConnection.php(678): CodeIgniter\Database\MySQLi\Connection->execute('DELETE FROM `penduduk`
WHERE `id` IN (\'AL11\')')
 3 SYSTEMPATH\Database\BaseConnection.php(606): CodeIgniter\Database\BaseConnection->simpleQuery('DELETE FROM `penduduk`
WHERE `id` IN (\'AL11\')')
 4 SYSTEMPATH\Database\BaseBuilder.php(2358): CodeIgniter\Database\BaseConnection->query('DELETE FROM `penduduk`
WHERE `id` IN :id:', [...], false)
 5 SYSTEMPATH\Model.php(400): CodeIgniter\Database\BaseBuilder->delete()
 6 SYSTEMPATH\BaseModel.php(963): CodeIgniter\Model->doDelete([...], false)
 7 APPPATH\Controllers\ManipulasiDataPenduduk.php(117): CodeIgniter\BaseModel->delete([...])
 8 SYSTEMPATH\CodeIgniter.php(898): App\Controllers\ManipulasiDataPenduduk->delete('AL11')
 9 SYSTEMPATH\CodeIgniter.php(468): CodeIgniter\CodeIgniter->runController(Object(App\Controllers\ManipulasiDataPenduduk))
10 SYSTEMPATH\CodeIgniter.php(351): CodeIgniter\CodeIgniter->handleRequest(null, Object(Config\Cache), false)
11 FCPATH\index.php(55): CodeIgniter\CodeIgniter->run()
12 SYSTEMPATH\Commands\Server\rewrite.php(43): require_once('FCPATH\\index.php')
ERROR - 2022-06-10 03:54:53 --> Unknown column 'id' in 'where clause'
CRITICAL - 2022-06-10 03:54:53 --> Unknown column 'id' in 'where clause'
in SYSTEMPATH\Database\MySQLi\Connection.php on line 292.
 1 SYSTEMPATH\Database\MySQLi\Connection.php(292): mysqli->query('DELETE FROM `penduduk`
WHERE `id` IN (\'AL14\')', 0)
 2 SYSTEMPATH\Database\BaseConnection.php(678): CodeIgniter\Database\MySQLi\Connection->execute('DELETE FROM `penduduk`
WHERE `id` IN (\'AL14\')')
 3 SYSTEMPATH\Database\BaseConnection.php(606): CodeIgniter\Database\BaseConnection->simpleQuery('DELETE FROM `penduduk`
WHERE `id` IN (\'AL14\')')
 4 SYSTEMPATH\Database\BaseBuilder.php(2358): CodeIgniter\Database\BaseConnection->query('DELETE FROM `penduduk`
WHERE `id` IN :id:', [...], false)
 5 SYSTEMPATH\Model.php(400): CodeIgniter\Database\BaseBuilder->delete()
 6 SYSTEMPATH\BaseModel.php(963): CodeIgniter\Model->doDelete([...], false)
 7 APPPATH\Controllers\ManipulasiDataPenduduk.php(117): CodeIgniter\BaseModel->delete([...])
 8 SYSTEMPATH\CodeIgniter.php(898): App\Controllers\ManipulasiDataPenduduk->delete('AL14')
 9 SYSTEMPATH\CodeIgniter.php(468): CodeIgniter\CodeIgniter->runController(Object(App\Controllers\ManipulasiDataPenduduk))
10 SYSTEMPATH\CodeIgniter.php(351): CodeIgniter\CodeIgniter->handleRequest(null, Object(Config\Cache), false)
11 FCPATH\index.php(55): CodeIgniter\CodeIgniter->run()
12 SYSTEMPATH\Commands\Server\rewrite.php(43): require_once('FCPATH\\index.php')
ERROR - 2022-06-10 03:55:21 --> Unknown column 'id' in 'where clause'
CRITICAL - 2022-06-10 03:55:21 --> Unknown column 'id' in 'where clause'
in SYSTEMPATH\Database\MySQLi\Connection.php on line 292.
 1 SYSTEMPATH\Database\MySQLi\Connection.php(292): mysqli->query('DELETE FROM `penduduk`
WHERE `id` IN (\'AL14\')', 0)
 2 SYSTEMPATH\Database\BaseConnection.php(678): CodeIgniter\Database\MySQLi\Connection->execute('DELETE FROM `penduduk`
WHERE `id` IN (\'AL14\')')
 3 SYSTEMPATH\Database\BaseConnection.php(606): CodeIgniter\Database\BaseConnection->simpleQuery('DELETE FROM `penduduk`
WHERE `id` IN (\'AL14\')')
 4 SYSTEMPATH\Database\BaseBuilder.php(2358): CodeIgniter\Database\BaseConnection->query('DELETE FROM `penduduk`
WHERE `id` IN :id:', [...], false)
 5 SYSTEMPATH\Model.php(400): CodeIgniter\Database\BaseBuilder->delete()
 6 SYSTEMPATH\BaseModel.php(963): CodeIgniter\Model->doDelete([...], false)
 7 APPPATH\Controllers\ManipulasiDataPenduduk.php(117): CodeIgniter\BaseModel->delete([...])
 8 SYSTEMPATH\CodeIgniter.php(898): App\Controllers\ManipulasiDataPenduduk->delete('AL14')
 9 SYSTEMPATH\CodeIgniter.php(468): CodeIgniter\CodeIgniter->runController(Object(App\Controllers\ManipulasiDataPenduduk))
10 SYSTEMPATH\CodeIgniter.php(351): CodeIgniter\CodeIgniter->handleRequest(null, Object(Config\Cache), false)
11 FCPATH\index.php(55): CodeIgniter\CodeIgniter->run()
12 SYSTEMPATH\Commands\Server\rewrite.php(43): require_once('FCPATH\\index.php')
CRITICAL - 2022-06-10 03:57:11 --> There is no data to update.
in SYSTEMPATH\BaseModel.php on line 1576.
 1 SYSTEMPATH\BaseModel.php(1576): CodeIgniter\Database\Exceptions\DataException::forEmptyDataset('update')
 2 SYSTEMPATH\BaseModel.php(832): CodeIgniter\BaseModel->transformDataToArray(null, 'update')
 3 SYSTEMPATH\Model.php(692): CodeIgniter\BaseModel->update(null, null)
 4 APPPATH\Controllers\ManipulasiDataPenduduk.php(117): CodeIgniter\Model->update()
 5 SYSTEMPATH\CodeIgniter.php(898): App\Controllers\ManipulasiDataPenduduk->delete('AL14')
 6 SYSTEMPATH\CodeIgniter.php(468): CodeIgniter\CodeIgniter->runController(Object(App\Controllers\ManipulasiDataPenduduk))
 7 SYSTEMPATH\CodeIgniter.php(351): CodeIgniter\CodeIgniter->handleRequest(null, Object(Config\Cache), false)
 8 FCPATH\index.php(55): CodeIgniter\CodeIgniter->run()
 9 SYSTEMPATH\Commands\Server\rewrite.php(43): require_once('FCPATH\\index.php')
CRITICAL - 2022-06-10 20:04:01 --> Undefined variable $session
in APPPATH\Views\pages\dataPenduduk.php on line 6.
 1 APPPATH\Views\pages\dataPenduduk.php(6): CodeIgniter\Debug\Exceptions->errorHandler(2, 'Undefined variable $session', 'APPPATH\\Views\\pages\\dataPenduduk.php', 6)
 2 SYSTEMPATH\View\View.php(213): include('APPPATH\\Views\\pages\\dataPenduduk.php')
 3 SYSTEMPATH\View\View.php(216): CodeIgniter\View\View->CodeIgniter\View\{closure}()
 4 SYSTEMPATH\Common.php(1135): CodeIgniter\View\View->render('pages/dataPenduduk', [], true)
 5 APPPATH\Controllers\Page.php(19): view('pages/dataPenduduk', [...])
 6 SYSTEMPATH\CodeIgniter.php(898): App\Controllers\Page->datapenduduk()
 7 SYSTEMPATH\CodeIgniter.php(468): CodeIgniter\CodeIgniter->runController(Object(App\Controllers\Page))
 8 SYSTEMPATH\CodeIgniter.php(351): CodeIgniter\CodeIgniter->handleRequest(null, Object(Config\Cache), false)
 9 FCPATH\index.php(55): CodeIgniter\CodeIgniter->run()
10 SYSTEMPATH\Commands\Server\rewrite.php(43): require_once('FCPATH\\index.php')
CRITICAL - 2022-06-10 20:47:34 --> syntax error, unexpected token ";", expecting "]"
in APPPATH\Models\PeopleModel.php on line 44.
 1 SYSTEMPATH\Autoloader\Autoloader.php(261): CodeIgniter\Autoloader\Autoloader->includeFile('APPPATH\\Models\\PeopleModel.php')
 2 SYSTEMPATH\Autoloader\Autoloader.php(239): CodeIgniter\Autoloader\Autoloader->loadInNamespace('App\\Models\\PeopleModel')
 3 APPPATH\Controllers\ManipulasiDataPenduduk.php(75): CodeIgniter\Autoloader\Autoloader->loadClass('App\\Models\\PeopleModel')
 4 SYSTEMPATH\CodeIgniter.php(898): App\Controllers\ManipulasiDataPenduduk->edit('AL14')
 5 SYSTEMPATH\CodeIgniter.php(468): CodeIgniter\CodeIgniter->runController(Object(App\Controllers\ManipulasiDataPenduduk))
 6 SYSTEMPATH\CodeIgniter.php(351): CodeIgniter\CodeIgniter->handleRequest(null, Object(Config\Cache), false)
 7 FCPATH\index.php(55): CodeIgniter\CodeIgniter->run()
 8 SYSTEMPATH\Commands\Server\rewrite.php(43): require_once('FCPATH\\index.php')
CRITICAL - 2022-06-10 20:47:41 --> syntax error, unexpected token ";", expecting "]"
in APPPATH\Models\PeopleModel.php on line 44.
 1 SYSTEMPATH\Autoloader\Autoloader.php(261): CodeIgniter\Autoloader\Autoloader->includeFile('APPPATH\\Models\\PeopleModel.php')
 2 SYSTEMPATH\Autoloader\Autoloader.php(239): CodeIgniter\Autoloader\Autoloader->loadInNamespace('App\\Models\\PeopleModel')
 3 APPPATH\Controllers\ManipulasiDataPenduduk.php(75): CodeIgniter\Autoloader\Autoloader->loadClass('App\\Models\\PeopleModel')
 4 SYSTEMPATH\CodeIgniter.php(898): App\Controllers\ManipulasiDataPenduduk->edit('AL14')
 5 SYSTEMPATH\CodeIgniter.php(468): CodeIgniter\CodeIgniter->runController(Object(App\Controllers\ManipulasiDataPenduduk))
 6 SYSTEMPATH\CodeIgniter.php(351): CodeIgniter\CodeIgniter->handleRequest(null, Object(Config\Cache), false)
 7 FCPATH\index.php(55): CodeIgniter\CodeIgniter->run()
 8 SYSTEMPATH\Commands\Server\rewrite.php(43): require_once('FCPATH\\index.php')
CRITICAL - 2022-06-10 20:48:11 --> Call to undefined method App\Models\PeopleModel::current_timestamp
in SYSTEMPATH\Model.php on line 773.
 1 APPPATH\Models\PeopleModel.php(44): CodeIgniter\Model->__call('current_timestamp', [])
 2 APPPATH\Controllers\ManipulasiDataPenduduk.php(108): App\Models\PeopleModel->edit('AL14')
 3 SYSTEMPATH\CodeIgniter.php(898): App\Controllers\ManipulasiDataPenduduk->edit('AL14')
 4 SYSTEMPATH\CodeIgniter.php(468): CodeIgniter\CodeIgniter->runController(Object(App\Controllers\ManipulasiDataPenduduk))
 5 SYSTEMPATH\CodeIgniter.php(351): CodeIgniter\CodeIgniter->handleRequest(null, Object(Config\Cache), false)
 6 FCPATH\index.php(55): CodeIgniter\CodeIgniter->run()
 7 SYSTEMPATH\Commands\Server\rewrite.php(43): require_once('FCPATH\\index.php')
CRITICAL - 2022-06-10 20:57:46 --> There is no data to update.
in SYSTEMPATH\BaseModel.php on line 1576.
 1 SYSTEMPATH\BaseModel.php(1576): CodeIgniter\Database\Exceptions\DataException::forEmptyDataset('update')
 2 SYSTEMPATH\BaseModel.php(832): CodeIgniter\BaseModel->transformDataToArray(null, 'update')
 3 SYSTEMPATH\Model.php(692): CodeIgniter\BaseModel->update([...], null)
 4 APPPATH\Models\PeopleModel.php(46): CodeIgniter\Model->update([...])
 5 APPPATH\Controllers\ManipulasiDataPenduduk.php(108): App\Models\PeopleModel->edit('AL14')
 6 SYSTEMPATH\CodeIgniter.php(898): App\Controllers\ManipulasiDataPenduduk->edit('AL14')
 7 SYSTEMPATH\CodeIgniter.php(468): CodeIgniter\CodeIgniter->runController(Object(App\Controllers\ManipulasiDataPenduduk))
 8 SYSTEMPATH\CodeIgniter.php(351): CodeIgniter\CodeIgniter->handleRequest(null, Object(Config\Cache), false)
 9 FCPATH\index.php(55): CodeIgniter\CodeIgniter->run()
10 SYSTEMPATH\Commands\Server\rewrite.php(43): require_once('FCPATH\\index.php')
CRITICAL - 2022-06-10 20:58:37 --> There is no data to update.
in SYSTEMPATH\BaseModel.php on line 1576.
 1 SYSTEMPATH\BaseModel.php(1576): CodeIgniter\Database\Exceptions\DataException::forEmptyDataset('update')
 2 SYSTEMPATH\BaseModel.php(832): CodeIgniter\BaseModel->transformDataToArray(null, 'update')
 3 SYSTEMPATH\Model.php(692): CodeIgniter\BaseModel->update([...], null)
 4 APPPATH\Models\PeopleModel.php(47): CodeIgniter\Model->update([...])
 5 APPPATH\Controllers\ManipulasiDataPenduduk.php(108): App\Models\PeopleModel->edit('AL14')
 6 SYSTEMPATH\CodeIgniter.php(898): App\Controllers\ManipulasiDataPenduduk->edit('AL14')
 7 SYSTEMPATH\CodeIgniter.php(468): CodeIgniter\CodeIgniter->runController(Object(App\Controllers\ManipulasiDataPenduduk))
 8 SYSTEMPATH\CodeIgniter.php(351): CodeIgniter\CodeIgniter->handleRequest(null, Object(Config\Cache), false)
 9 FCPATH\index.php(55): CodeIgniter\CodeIgniter->run()
10 SYSTEMPATH\Commands\Server\rewrite.php(43): require_once('FCPATH\\index.php')
CRITICAL - 2022-06-10 21:02:30 --> CodeIgniter\BaseModel::transformDataToArray(): Return value must be of type array, string returned
in SYSTEMPATH\BaseModel.php on line 1598.
 1 SYSTEMPATH\BaseModel.php(832): CodeIgniter\BaseModel->transformDataToArray('Alternatif_id = {$id}', 'update')
 2 SYSTEMPATH\Model.php(692): CodeIgniter\BaseModel->update([...], 'Alternatif_id = {$id}')
 3 APPPATH\Models\PeopleModel.php(45): CodeIgniter\Model->update([...], 'Alternatif_id = {$id}')
 4 APPPATH\Controllers\ManipulasiDataPenduduk.php(108): App\Models\PeopleModel->edit('AL14')
 5 SYSTEMPATH\CodeIgniter.php(898): App\Controllers\ManipulasiDataPenduduk->edit('AL14')
 6 SYSTEMPATH\CodeIgniter.php(468): CodeIgniter\CodeIgniter->runController(Object(App\Controllers\ManipulasiDataPenduduk))
 7 SYSTEMPATH\CodeIgniter.php(351): CodeIgniter\CodeIgniter->handleRequest(null, Object(Config\Cache), false)
 8 FCPATH\index.php(55): CodeIgniter\CodeIgniter->run()
 9 SYSTEMPATH\Commands\Server\rewrite.php(43): require_once('FCPATH\\index.php')
ERROR - 2022-06-10 21:03:11 --> Unknown column 'penduduk.id' in 'where clause'
CRITICAL - 2022-06-10 21:03:11 --> Unknown column 'penduduk.id' in 'where clause'
in SYSTEMPATH\Database\MySQLi\Connection.php on line 292.
 1 SYSTEMPATH\Database\MySQLi\Connection.php(292): mysqli->query('UPDATE `penduduk` SET `name` = \'Amar Maruf\', `Tanggal_Lahir` = \'1999-04-24\', `Jenis_Kelamin` = \'Laki-Laki\', `Alamat` = \'Ds. Semanding RT.02 RW.05 \'
WHERE `penduduk`.`id` IN (\'Alternatif_id = AL14\')', 0)
 2 SYSTEMPATH\Database\BaseConnection.php(678): CodeIgniter\Database\MySQLi\Connection->execute('UPDATE `penduduk` SET `name` = \'Amar Maruf\', `Tanggal_Lahir` = \'1999-04-24\', `Jenis_Kelamin` = \'Laki-Laki\', `Alamat` = \'Ds. Semanding RT.02 RW.05 \'
WHERE `penduduk`.`id` IN (\'Alternatif_id = AL14\')')
 3 SYSTEMPATH\Database\BaseConnection.php(606): CodeIgniter\Database\BaseConnection->simpleQuery('UPDATE `penduduk` SET `name` = \'Amar Maruf\', `Tanggal_Lahir` = \'1999-04-24\', `Jenis_Kelamin` = \'Laki-Laki\', `Alamat` = \'Ds. Semanding RT.02 RW.05 \'
WHERE `penduduk`.`id` IN (\'Alternatif_id = AL14\')')
 4 SYSTEMPATH\Database\BaseBuilder.php(2046): CodeIgniter\Database\BaseConnection->query('UPDATE `penduduk` SET `name` = :name:, `Tanggal_Lahir` = :Tanggal_Lahir:, `Jenis_Kelamin` = :Jenis_Kelamin:, `Alamat` = :Alamat:
WHERE `penduduk`.`id` IN :penduduk.id:', [...], false)
 5 SYSTEMPATH\Model.php(337): CodeIgniter\Database\BaseBuilder->update()
 6 SYSTEMPATH\BaseModel.php(865): CodeIgniter\Model->doUpdate([...], [...])
 7 SYSTEMPATH\Model.php(692): CodeIgniter\BaseModel->update([...], [...])
 8 APPPATH\Models\PeopleModel.php(45): CodeIgniter\Model->update('Alternatif_id = AL14', [...])
 9 APPPATH\Controllers\ManipulasiDataPenduduk.php(108): App\Models\PeopleModel->edit('AL14')
10 SYSTEMPATH\CodeIgniter.php(898): App\Controllers\ManipulasiDataPenduduk->edit('AL14')
11 SYSTEMPATH\CodeIgniter.php(468): CodeIgniter\CodeIgniter->runController(Object(App\Controllers\ManipulasiDataPenduduk))
12 SYSTEMPATH\CodeIgniter.php(351): CodeIgniter\CodeIgniter->handleRequest(null, Object(Config\Cache), false)
13 FCPATH\index.php(55): CodeIgniter\CodeIgniter->run()
14 SYSTEMPATH\Commands\Server\rewrite.php(43): require_once('FCPATH\\index.php')
CRITICAL - 2022-06-10 21:04:24 --> There is no data to update.
in SYSTEMPATH\BaseModel.php on line 1576.
 1 SYSTEMPATH\BaseModel.php(1576): CodeIgniter\Database\Exceptions\DataException::forEmptyDataset('update')
 2 SYSTEMPATH\BaseModel.php(832): CodeIgniter\BaseModel->transformDataToArray(null, 'update')
 3 SYSTEMPATH\Model.php(692): CodeIgniter\BaseModel->update([...], null)
 4 APPPATH\Models\PeopleModel.php(45): CodeIgniter\Model->update([...])
 5 APPPATH\Controllers\ManipulasiDataPenduduk.php(108): App\Models\PeopleModel->edit('AL14')
 6 SYSTEMPATH\CodeIgniter.php(898): App\Controllers\ManipulasiDataPenduduk->edit('AL14')
 7 SYSTEMPATH\CodeIgniter.php(468): CodeIgniter\CodeIgniter->runController(Object(App\Controllers\ManipulasiDataPenduduk))
 8 SYSTEMPATH\CodeIgniter.php(351): CodeIgniter\CodeIgniter->handleRequest(null, Object(Config\Cache), false)
 9 FCPATH\index.php(55): CodeIgniter\CodeIgniter->run()
10 SYSTEMPATH\Commands\Server\rewrite.php(43): require_once('FCPATH\\index.php')
ERROR - 2022-06-10 21:31:10 --> Unknown column 'penduduk.id' in 'where clause'
CRITICAL - 2022-06-10 21:31:10 --> Unknown column 'penduduk.id' in 'where clause'
in SYSTEMPATH\Database\MySQLi\Connection.php on line 292.
 1 SYSTEMPATH\Database\MySQLi\Connection.php(292): mysqli->query('UPDATE `penduduk` SET `name` = \'Amar Maruf\', `Tanggal_Lahir` = \'1999-04-24\', `Jenis_Kelamin` = \'Laki-Laki\', `Alamat` = \'Ds. Semanding RT.02 RW.05 Kec. Tuban\'
WHERE `penduduk`.`id` IN (\'Alternatif_id =AL14\')', 0)
 2 SYSTEMPATH\Database\BaseConnection.php(678): CodeIgniter\Database\MySQLi\Connection->execute('UPDATE `penduduk` SET `name` = \'Amar Maruf\', `Tanggal_Lahir` = \'1999-04-24\', `Jenis_Kelamin` = \'Laki-Laki\', `Alamat` = \'Ds. Semanding RT.02 RW.05 Kec. Tuban\'
WHERE `penduduk`.`id` IN (\'Alternatif_id =AL14\')')
 3 SYSTEMPATH\Database\BaseConnection.php(606): CodeIgniter\Database\BaseConnection->simpleQuery('UPDATE `penduduk` SET `name` = \'Amar Maruf\', `Tanggal_Lahir` = \'1999-04-24\', `Jenis_Kelamin` = \'Laki-Laki\', `Alamat` = \'Ds. Semanding RT.02 RW.05 Kec. Tuban\'
WHERE `penduduk`.`id` IN (\'Alternatif_id =AL14\')')
 4 SYSTEMPATH\Database\BaseBuilder.php(2046): CodeIgniter\Database\BaseConnection->query('UPDATE `penduduk` SET `name` = :name:, `Tanggal_Lahir` = :Tanggal_Lahir:, `Jenis_Kelamin` = :Jenis_Kelamin:, `Alamat` = :Alamat:
WHERE `penduduk`.`id` IN :penduduk.id:', [...], false)
 5 SYSTEMPATH\Model.php(337): CodeIgniter\Database\BaseBuilder->update()
 6 SYSTEMPATH\BaseModel.php(865): CodeIgniter\Model->doUpdate([...], [...])
 7 SYSTEMPATH\Model.php(692): CodeIgniter\BaseModel->update([...], [...])
 8 APPPATH\Models\PeopleModel.php(46): CodeIgniter\Model->update('Alternatif_id =AL14', [...])
 9 APPPATH\Controllers\ManipulasiDataPenduduk.php(108): App\Models\PeopleModel->edit('AL14')
10 SYSTEMPATH\CodeIgniter.php(898): App\Controllers\ManipulasiDataPenduduk->edit('AL14')
11 SYSTEMPATH\CodeIgniter.php(468): CodeIgniter\CodeIgniter->runController(Object(App\Controllers\ManipulasiDataPenduduk))
12 SYSTEMPATH\CodeIgniter.php(351): CodeIgniter\CodeIgniter->handleRequest(null, Object(Config\Cache), false)
13 FCPATH\index.php(55): CodeIgniter\CodeIgniter->run()
14 SYSTEMPATH\Commands\Server\rewrite.php(43): require_once('FCPATH\\index.php')
CRITICAL - 2022-06-10 22:35:54 --> Undefined variable $getQuery
in APPPATH\Views\CRUD\tambahDataCriteriaPenduduk.php on line 30.
 1 APPPATH\Views\CRUD\tambahDataCriteriaPenduduk.php(30): CodeIgniter\Debug\Exceptions->errorHandler(2, 'Undefined variable $getQuery', 'APPPATH\\Views\\CRUD\\tambahDataCriteriaPenduduk.php', 30)
 2 SYSTEMPATH\View\View.php(213): include('APPPATH\\Views\\CRUD\\tambahDataCriteriaPenduduk.php')
 3 SYSTEMPATH\View\View.php(216): CodeIgniter\View\View->CodeIgniter\View\{closure}()
 4 SYSTEMPATH\Common.php(1135): CodeIgniter\View\View->render('CRUD/tambahDataCriteriaPenduduk', [], true)
 5 APPPATH\Controllers\ManipulasiDataPendudukValue.php(113): view('CRUD/tambahDataCriteriaPenduduk')
 6 SYSTEMPATH\CodeIgniter.php(898): App\Controllers\ManipulasiDataPendudukValue->create()
 7 SYSTEMPATH\CodeIgniter.php(468): CodeIgniter\CodeIgniter->runController(Object(App\Controllers\ManipulasiDataPendudukValue))
 8 SYSTEMPATH\CodeIgniter.php(351): CodeIgniter\CodeIgniter->handleRequest(null, Object(Config\Cache), false)
 9 FCPATH\index.php(55): CodeIgniter\CodeIgniter->run()
10 SYSTEMPATH\Commands\Server\rewrite.php(43): require_once('FCPATH\\index.php')
ERROR - 2022-06-10 22:44:37 --> Unknown column 'Alternatif_id' in 'where clause'
CRITICAL - 2022-06-10 22:44:37 --> Unknown column 'Alternatif_id' in 'where clause'
in SYSTEMPATH\Database\MySQLi\Connection.php on line 292.
 1 SYSTEMPATH\Database\MySQLi\Connection.php(292): mysqli->query('SELECT *
FROM `data_penduduk_value`
WHERE `Alternatif_id` = \'D1\'
 LIMIT 1', 0)
 2 SYSTEMPATH\Database\BaseConnection.php(678): CodeIgniter\Database\MySQLi\Connection->execute('SELECT *
FROM `data_penduduk_value`
WHERE `Alternatif_id` = \'D1\'
 LIMIT 1')
 3 SYSTEMPATH\Database\BaseConnection.php(606): CodeIgniter\Database\BaseConnection->simpleQuery('SELECT *
FROM `data_penduduk_value`
WHERE `Alternatif_id` = \'D1\'
 LIMIT 1')
 4 SYSTEMPATH\Database\BaseBuilder.php(1585): CodeIgniter\Database\BaseConnection->query('SELECT *
FROM `data_penduduk_value`
WHERE `Alternatif_id` = :Alternatif_id:
 LIMIT 1', [...], false)
 5 SYSTEMPATH\Model.php(249): CodeIgniter\Database\BaseBuilder->get()
 6 SYSTEMPATH\BaseModel.php(622): CodeIgniter\Model->doFirst()
 7 APPPATH\Controllers\ManipulasiDataPendudukValue.php(123): CodeIgniter\BaseModel->first()
 8 SYSTEMPATH\CodeIgniter.php(898): App\Controllers\ManipulasiDataPendudukValue->edit('D1')
 9 SYSTEMPATH\CodeIgniter.php(468): CodeIgniter\CodeIgniter->runController(Object(App\Controllers\ManipulasiDataPendudukValue))
10 SYSTEMPATH\CodeIgniter.php(351): CodeIgniter\CodeIgniter->handleRequest(null, Object(Config\Cache), false)
11 FCPATH\index.php(55): CodeIgniter\CodeIgniter->run()
12 SYSTEMPATH\Commands\Server\rewrite.php(43): require_once('FCPATH\\index.php')
ERROR - 2022-06-10 22:47:47 --> Unknown column 'Alternatif_id' in 'where clause'
CRITICAL - 2022-06-10 22:47:47 --> Unknown column 'Alternatif_id' in 'where clause'
in SYSTEMPATH\Database\MySQLi\Connection.php on line 292.
 1 SYSTEMPATH\Database\MySQLi\Connection.php(292): mysqli->query('SELECT *
FROM `data_penduduk_value`
WHERE `Alternatif_id` = \'D13\'
 LIMIT 1', 0)
 2 SYSTEMPATH\Database\BaseConnection.php(678): CodeIgniter\Database\MySQLi\Connection->execute('SELECT *
FROM `data_penduduk_value`
WHERE `Alternatif_id` = \'D13\'
 LIMIT 1')
 3 SYSTEMPATH\Database\BaseConnection.php(606): CodeIgniter\Database\BaseConnection->simpleQuery('SELECT *
FROM `data_penduduk_value`
WHERE `Alternatif_id` = \'D13\'
 LIMIT 1')
 4 SYSTEMPATH\Database\BaseBuilder.php(1585): CodeIgniter\Database\BaseConnection->query('SELECT *
FROM `data_penduduk_value`
WHERE `Alternatif_id` = :Alternatif_id:
 LIMIT 1', [...], false)
 5 SYSTEMPATH\Model.php(249): CodeIgniter\Database\BaseBuilder->get()
 6 SYSTEMPATH\BaseModel.php(622): CodeIgniter\Model->doFirst()
 7 APPPATH\Controllers\ManipulasiDataPendudukValue.php(123): CodeIgniter\BaseModel->first()
 8 SYSTEMPATH\CodeIgniter.php(898): App\Controllers\ManipulasiDataPendudukValue->edit('D13')
 9 SYSTEMPATH\CodeIgniter.php(468): CodeIgniter\CodeIgniter->runController(Object(App\Controllers\ManipulasiDataPendudukValue))
10 SYSTEMPATH\CodeIgniter.php(351): CodeIgniter\CodeIgniter->handleRequest(null, Object(Config\Cache), false)
11 FCPATH\index.php(55): CodeIgniter\CodeIgniter->run()
12 SYSTEMPATH\Commands\Server\rewrite.php(43): require_once('FCPATH\\index.php')
ERROR - 2022-06-10 22:49:39 --> Unknown column 'Alternatif_id' in 'where clause'
CRITICAL - 2022-06-10 22:49:39 --> Unknown column 'Alternatif_id' in 'where clause'
in SYSTEMPATH\Database\MySQLi\Connection.php on line 292.
 1 SYSTEMPATH\Database\MySQLi\Connection.php(292): mysqli->query('SELECT *
FROM `data_penduduk_value`
WHERE `Alternatif_id` = \'D13\'
 LIMIT 1', 0)
 2 SYSTEMPATH\Database\BaseConnection.php(678): CodeIgniter\Database\MySQLi\Connection->execute('SELECT *
FROM `data_penduduk_value`
WHERE `Alternatif_id` = \'D13\'
 LIMIT 1')
 3 SYSTEMPATH\Database\BaseConnection.php(606): CodeIgniter\Database\BaseConnection->simpleQuery('SELECT *
FROM `data_penduduk_value`
WHERE `Alternatif_id` = \'D13\'
 LIMIT 1')
 4 SYSTEMPATH\Database\BaseBuilder.php(1585): CodeIgniter\Database\BaseConnection->query('SELECT *
FROM `data_penduduk_value`
WHERE `Alternatif_id` = :Alternatif_id:
 LIMIT 1', [...], false)
 5 SYSTEMPATH\Model.php(249): CodeIgniter\Database\BaseBuilder->get()
 6 SYSTEMPATH\BaseModel.php(622): CodeIgniter\Model->doFirst()
 7 APPPATH\Controllers\ManipulasiDataPendudukValue.php(123): CodeIgniter\BaseModel->first()
 8 SYSTEMPATH\CodeIgniter.php(898): App\Controllers\ManipulasiDataPendudukValue->edit('D13')
 9 SYSTEMPATH\CodeIgniter.php(468): CodeIgniter\CodeIgniter->runController(Object(App\Controllers\ManipulasiDataPendudukValue))
10 SYSTEMPATH\CodeIgniter.php(351): CodeIgniter\CodeIgniter->handleRequest(null, Object(Config\Cache), false)
11 FCPATH\index.php(55): CodeIgniter\CodeIgniter->run()
12 SYSTEMPATH\Commands\Server\rewrite.php(43): require_once('FCPATH\\index.php')
ERROR - 2022-06-10 23:14:49 --> You have an error in your SQL syntax; check the manual that corresponds to your MariaDB server version for the right syntax to use near '`Rumah`, `Sta`.` Kepemilikian` `rumah`, `Sumber` `air`, `Ibu Hamil /` `Menyus...' at line 1
CRITICAL - 2022-06-10 23:14:49 --> You have an error in your SQL syntax; check the manual that corresponds to your MariaDB server version for the right syntax to use near '`Rumah`, `Sta`.` Kepemilikian` `rumah`, `Sumber` `air`, `Ibu Hamil /` `Menyus...' at line 1
in SYSTEMPATH\Database\MySQLi\Connection.php on line 292.
 1 SYSTEMPATH\Database\MySQLi\Connection.php(292): mysqli->query('INSERT IGNORE INTO `data_penduduk_value` (`Penghasilan`, `Luas` `Rumah`, `Sta`.` Kepemilikian` `rumah`, `Sumber` `air`, `Ibu Hamil /` `Menyusui`, `Lansia`, `Jml Tanggunngan` `Anak`, `Jenis` `Dinding`, `Jenis` `Lantai`, `Jenis` `Atap`) VALUES (\'Tidak Bekerja\', \'48 m2\', \'Milik Sendiri\', \'PDAM\', \'Tidak Ada\', \'Tidak Ada\', \'0\', \'Papan / Kayu\', \'Keramik\', \'Genteng\')', 0)
 2 SYSTEMPATH\Database\BaseConnection.php(678): CodeIgniter\Database\MySQLi\Connection->execute('INSERT IGNORE INTO `data_penduduk_value` (`Penghasilan`, `Luas` `Rumah`, `Sta`.` Kepemilikian` `rumah`, `Sumber` `air`, `Ibu Hamil /` `Menyusui`, `Lansia`, `Jml Tanggunngan` `Anak`, `Jenis` `Dinding`, `Jenis` `Lantai`, `Jenis` `Atap`) VALUES (\'Tidak Bekerja\', \'48 m2\', \'Milik Sendiri\', \'PDAM\', \'Tidak Ada\', \'Tidak Ada\', \'0\', \'Papan / Kayu\', \'Keramik\', \'Genteng\')')
 3 SYSTEMPATH\Database\BaseConnection.php(606): CodeIgniter\Database\BaseConnection->simpleQuery('INSERT IGNORE INTO `data_penduduk_value` (`Penghasilan`, `Luas` `Rumah`, `Sta`.` Kepemilikian` `rumah`, `Sumber` `air`, `Ibu Hamil /` `Menyusui`, `Lansia`, `Jml Tanggunngan` `Anak`, `Jenis` `Dinding`, `Jenis` `Lantai`, `Jenis` `Atap`) VALUES (\'Tidak Bekerja\', \'48 m2\', \'Milik Sendiri\', \'PDAM\', \'Tidak Ada\', \'Tidak Ada\', \'0\', \'Papan / Kayu\', \'Keramik\', \'Genteng\')')
 4 SYSTEMPATH\Database\BaseBuilder.php(1904): CodeIgniter\Database\BaseConnection->query('INSERT IGNORE INTO `data_penduduk_value` (`Penghasilan`, `Luas` `Rumah`, `Sta`.` Kepemilikian` `rumah`, `Sumber` `air`, `Ibu Hamil /` `Menyusui`, `Lansia`, `Jml Tanggunngan` `Anak`, `Jenis` `Dinding`, `Jenis` `Lantai`, `Jenis` `Atap`) VALUES (:Penghasilan:, :Luas Rumah:, :Sta. Kepemilikian rumah:, :Sumber air:, :Ibu Hamil / Menyusui:, :Lansia:, :Jml Tanggunngan Anak:, :Jenis Dinding:, :Jenis Lantai:, :Jenis Atap:)', [...], false)
 5 SYSTEMPATH\Model.php(278): CodeIgniter\Database\BaseBuilder->insert()
 6 SYSTEMPATH\BaseModel.php(738): CodeIgniter\Model->doInsert([...])
 7 SYSTEMPATH\Model.php(666): CodeIgniter\BaseModel->insert([...], true)
 8 APPPATH\Models\PeopleValueModel.php(48): CodeIgniter\Model->insert([...])
 9 APPPATH\Controllers\ManipulasiDataPendudukValue.php(103): App\Models\PeopleValueModel->create()
10 SYSTEMPATH\CodeIgniter.php(898): App\Controllers\ManipulasiDataPendudukValue->create()
11 SYSTEMPATH\CodeIgniter.php(468): CodeIgniter\CodeIgniter->runController(Object(App\Controllers\ManipulasiDataPendudukValue))
12 SYSTEMPATH\CodeIgniter.php(351): CodeIgniter\CodeIgniter->handleRequest(null, Object(Config\Cache), false)
13 FCPATH\index.php(55): CodeIgniter\CodeIgniter->run()
14 SYSTEMPATH\Commands\Server\rewrite.php(43): require_once('FCPATH\\index.php')
ERROR - 2022-06-10 23:19:12 --> You have an error in your SQL syntax; check the manual that corresponds to your MariaDB server version for the right syntax to use near '`Rumah`, `Sta`.` Kepemilikian` `rumah`, `Sumber` `air`, `Ibu Hamil /` `Menyus...' at line 1
CRITICAL - 2022-06-10 23:19:12 --> You have an error in your SQL syntax; check the manual that corresponds to your MariaDB server version for the right syntax to use near '`Rumah`, `Sta`.` Kepemilikian` `rumah`, `Sumber` `air`, `Ibu Hamil /` `Menyus...' at line 1
in SYSTEMPATH\Database\MySQLi\Connection.php on line 292.
 1 SYSTEMPATH\Database\MySQLi\Connection.php(292): mysqli->query('INSERT IGNORE INTO `data_penduduk_value` (`Penghasilan`, `Luas` `Rumah`, `Sta`.` Kepemilikian` `rumah`, `Sumber` `air`, `Ibu Hamil /` `Menyusui`, `Lansia`, `Jml Tanggunngan` `Anak`, `Jenis` `Dinding`, `Jenis` `Lantai`, `Jenis` `Atap`, `Kelas` `Keputusan`) VALUES (\'Tidak Bekerja\', \'48 m2\', \'Milik Sendiri\', \'PDAM\', \'Tidak Ada\', \'Tidak Ada\', \'0\', \'Papan / Kayu\', \'Keramik\', \'Genteng\', \'Layak (tidak chairr)\')', 0)
 2 SYSTEMPATH\Database\BaseConnection.php(678): CodeIgniter\Database\MySQLi\Connection->execute('INSERT IGNORE INTO `data_penduduk_value` (`Penghasilan`, `Luas` `Rumah`, `Sta`.` Kepemilikian` `rumah`, `Sumber` `air`, `Ibu Hamil /` `Menyusui`, `Lansia`, `Jml Tanggunngan` `Anak`, `Jenis` `Dinding`, `Jenis` `Lantai`, `Jenis` `Atap`, `Kelas` `Keputusan`) VALUES (\'Tidak Bekerja\', \'48 m2\', \'Milik Sendiri\', \'PDAM\', \'Tidak Ada\', \'Tidak Ada\', \'0\', \'Papan / Kayu\', \'Keramik\', \'Genteng\', \'Layak (tidak chairr)\')')
 3 SYSTEMPATH\Database\BaseConnection.php(606): CodeIgniter\Database\BaseConnection->simpleQuery('INSERT IGNORE INTO `data_penduduk_value` (`Penghasilan`, `Luas` `Rumah`, `Sta`.` Kepemilikian` `rumah`, `Sumber` `air`, `Ibu Hamil /` `Menyusui`, `Lansia`, `Jml Tanggunngan` `Anak`, `Jenis` `Dinding`, `Jenis` `Lantai`, `Jenis` `Atap`, `Kelas` `Keputusan`) VALUES (\'Tidak Bekerja\', \'48 m2\', \'Milik Sendiri\', \'PDAM\', \'Tidak Ada\', \'Tidak Ada\', \'0\', \'Papan / Kayu\', \'Keramik\', \'Genteng\', \'Layak (tidak chairr)\')')
 4 SYSTEMPATH\Database\BaseBuilder.php(1904): CodeIgniter\Database\BaseConnection->query('INSERT IGNORE INTO `data_penduduk_value` (`Penghasilan`, `Luas` `Rumah`, `Sta`.` Kepemilikian` `rumah`, `Sumber` `air`, `Ibu Hamil /` `Menyusui`, `Lansia`, `Jml Tanggunngan` `Anak`, `Jenis` `Dinding`, `Jenis` `Lantai`, `Jenis` `Atap`, `Kelas` `Keputusan`) VALUES (:Penghasilan:, :`Luas Rumah`:, :`Sta. Kepemilikian rumah`:, :`Sumber air`:, :`Ibu Hamil / Menyusui`:, :Lansia:, :`Jml Tanggunngan Anak`:, :`Jenis Dinding`:, :`Jenis Lantai`:, :`Jenis Atap`:, :`Kelas Keputusan`:)', [...], false)
 5 SYSTEMPATH\Model.php(278): CodeIgniter\Database\BaseBuilder->insert()
 6 SYSTEMPATH\BaseModel.php(738): CodeIgniter\Model->doInsert([...])
 7 SYSTEMPATH\Model.php(666): CodeIgniter\BaseModel->insert([...], true)
 8 APPPATH\Models\PeopleValueModel.php(48): CodeIgniter\Model->insert([...])
 9 APPPATH\Controllers\ManipulasiDataPendudukValue.php(103): App\Models\PeopleValueModel->create()
10 SYSTEMPATH\CodeIgniter.php(898): App\Controllers\ManipulasiDataPendudukValue->create()
11 SYSTEMPATH\CodeIgniter.php(468): CodeIgniter\CodeIgniter->runController(Object(App\Controllers\ManipulasiDataPendudukValue))
12 SYSTEMPATH\CodeIgniter.php(351): CodeIgniter\CodeIgniter->handleRequest(null, Object(Config\Cache), false)
13 FCPATH\index.php(55): CodeIgniter\CodeIgniter->run()
14 SYSTEMPATH\Commands\Server\rewrite.php(43): require_once('FCPATH\\index.php')
ERROR - 2022-06-10 23:22:25 --> You have an error in your SQL syntax; check the manual that corresponds to your MariaDB server version for the right syntax to use near '`Rumah`, `Sta`.` Kepemilikian` `rumah`, `Sumber` `air`, `Ibu Hamil /` `Menyus...' at line 1
CRITICAL - 2022-06-10 23:22:25 --> You have an error in your SQL syntax; check the manual that corresponds to your MariaDB server version for the right syntax to use near '`Rumah`, `Sta`.` Kepemilikian` `rumah`, `Sumber` `air`, `Ibu Hamil /` `Menyus...' at line 1
in SYSTEMPATH\Database\MySQLi\Connection.php on line 292.
 1 SYSTEMPATH\Database\MySQLi\Connection.php(292): mysqli->query('INSERT IGNORE INTO `data_penduduk_value` (`Penghasilan`, `Luas` `Rumah`, `Sta`.` Kepemilikian` `rumah`, `Sumber` `air`, `Ibu Hamil /` `Menyusui`, `Lansia`, `Jml Tanggunngan` `Anak`, `Jenis` `Dinding`, `Jenis` `Lantai`, `Jenis` `Atap`, `Kelas` `Keputusan`) VALUES (\'Tidak Bekerja\', \'48 m2\', \'Milik Sendiri\', \'PDAM\', \'Tidak Ada\', \'Tidak Ada\', \'0\', \'Papan / Kayu\', \'Keramik\', \'Genteng\', \'Layak (chair)\')', 0)
 2 SYSTEMPATH\Database\BaseConnection.php(678): CodeIgniter\Database\MySQLi\Connection->execute('INSERT IGNORE INTO `data_penduduk_value` (`Penghasilan`, `Luas` `Rumah`, `Sta`.` Kepemilikian` `rumah`, `Sumber` `air`, `Ibu Hamil /` `Menyusui`, `Lansia`, `Jml Tanggunngan` `Anak`, `Jenis` `Dinding`, `Jenis` `Lantai`, `Jenis` `Atap`, `Kelas` `Keputusan`) VALUES (\'Tidak Bekerja\', \'48 m2\', \'Milik Sendiri\', \'PDAM\', \'Tidak Ada\', \'Tidak Ada\', \'0\', \'Papan / Kayu\', \'Keramik\', \'Genteng\', \'Layak (chair)\')')
 3 SYSTEMPATH\Database\BaseConnection.php(606): CodeIgniter\Database\BaseConnection->simpleQuery('INSERT IGNORE INTO `data_penduduk_value` (`Penghasilan`, `Luas` `Rumah`, `Sta`.` Kepemilikian` `rumah`, `Sumber` `air`, `Ibu Hamil /` `Menyusui`, `Lansia`, `Jml Tanggunngan` `Anak`, `Jenis` `Dinding`, `Jenis` `Lantai`, `Jenis` `Atap`, `Kelas` `Keputusan`) VALUES (\'Tidak Bekerja\', \'48 m2\', \'Milik Sendiri\', \'PDAM\', \'Tidak Ada\', \'Tidak Ada\', \'0\', \'Papan / Kayu\', \'Keramik\', \'Genteng\', \'Layak (chair)\')')
 4 SYSTEMPATH\Database\BaseBuilder.php(1904): CodeIgniter\Database\BaseConnection->query('INSERT IGNORE INTO `data_penduduk_value` (`Penghasilan`, `Luas` `Rumah`, `Sta`.` Kepemilikian` `rumah`, `Sumber` `air`, `Ibu Hamil /` `Menyusui`, `Lansia`, `Jml Tanggunngan` `Anak`, `Jenis` `Dinding`, `Jenis` `Lantai`, `Jenis` `Atap`, `Kelas` `Keputusan`) VALUES (:Penghasilan:, :`Luas Rumah`:, :`Sta. Kepemilikian rumah`:, :`Sumber air`:, :`Ibu Hamil / Menyusui`:, :Lansia:, :`Jml Tanggunngan Anak`:, :`Jenis Dinding`:, :`Jenis Lantai`:, :`Jenis Atap`:, :`Kelas Keputusan`:)', [...], false)
 5 SYSTEMPATH\Model.php(278): CodeIgniter\Database\BaseBuilder->insert()
 6 SYSTEMPATH\BaseModel.php(738): CodeIgniter\Model->doInsert([...])
 7 SYSTEMPATH\Model.php(666): CodeIgniter\BaseModel->insert([...], true)
 8 APPPATH\Models\PeopleValueModel.php(48): CodeIgniter\Model->insert([...])
 9 APPPATH\Controllers\ManipulasiDataPendudukValue.php(103): App\Models\PeopleValueModel->create()
10 SYSTEMPATH\CodeIgniter.php(898): App\Controllers\ManipulasiDataPendudukValue->create()
11 SYSTEMPATH\CodeIgniter.php(468): CodeIgniter\CodeIgniter->runController(Object(App\Controllers\ManipulasiDataPendudukValue))
12 SYSTEMPATH\CodeIgniter.php(351): CodeIgniter\CodeIgniter->handleRequest(null, Object(Config\Cache), false)
13 FCPATH\index.php(55): CodeIgniter\CodeIgniter->run()
14 SYSTEMPATH\Commands\Server\rewrite.php(43): require_once('FCPATH\\index.php')
ERROR - 2022-06-10 23:31:48 --> Unknown column 'Sta._Kepemilikian_rumah' in 'field list'
CRITICAL - 2022-06-10 23:31:48 --> Unknown column 'Sta._Kepemilikian_rumah' in 'field list'
in SYSTEMPATH\Database\MySQLi\Connection.php on line 292.
 1 SYSTEMPATH\Database\MySQLi\Connection.php(292): mysqli->query('INSERT IGNORE INTO `data_penduduk_value` (`Alternatif_id`, `Penghasilan`, `Luas_Rumah`, `Sta`.`_Kepemilikian_rumah`, `Sumber_air`, `Ibu_Hamil_/_Menyusui`, `Lansia`, `Jml_Tanggungan_Anak`, `Jenis_Dinding`, `Jenis_Lantai`, `Jenis_Atap`, `Kelas_Keputusan`) VALUES (\'AL14\', \'Tidak Bekerja\', \'48 m2\', \'Milik Sendiri\', \'PDAM\', \'Tidak Ada\', \'Tidak Ada\', \'0\', \'Papan / Kayu\', \'Keramik\', \'Genteng\', \'Layak (chair)\')', 0)
 2 SYSTEMPATH\Database\BaseConnection.php(678): CodeIgniter\Database\MySQLi\Connection->execute('INSERT IGNORE INTO `data_penduduk_value` (`Alternatif_id`, `Penghasilan`, `Luas_Rumah`, `Sta`.`_Kepemilikian_rumah`, `Sumber_air`, `Ibu_Hamil_/_Menyusui`, `Lansia`, `Jml_Tanggungan_Anak`, `Jenis_Dinding`, `Jenis_Lantai`, `Jenis_Atap`, `Kelas_Keputusan`) VALUES (\'AL14\', \'Tidak Bekerja\', \'48 m2\', \'Milik Sendiri\', \'PDAM\', \'Tidak Ada\', \'Tidak Ada\', \'0\', \'Papan / Kayu\', \'Keramik\', \'Genteng\', \'Layak (chair)\')')
 3 SYSTEMPATH\Database\BaseConnection.php(606): CodeIgniter\Database\BaseConnection->simpleQuery('INSERT IGNORE INTO `data_penduduk_value` (`Alternatif_id`, `Penghasilan`, `Luas_Rumah`, `Sta`.`_Kepemilikian_rumah`, `Sumber_air`, `Ibu_Hamil_/_Menyusui`, `Lansia`, `Jml_Tanggungan_Anak`, `Jenis_Dinding`, `Jenis_Lantai`, `Jenis_Atap`, `Kelas_Keputusan`) VALUES (\'AL14\', \'Tidak Bekerja\', \'48 m2\', \'Milik Sendiri\', \'PDAM\', \'Tidak Ada\', \'Tidak Ada\', \'0\', \'Papan / Kayu\', \'Keramik\', \'Genteng\', \'Layak (chair)\')')
 4 SYSTEMPATH\Database\BaseBuilder.php(1904): CodeIgniter\Database\BaseConnection->query('INSERT IGNORE INTO `data_penduduk_value` (`Alternatif_id`, `Penghasilan`, `Luas_Rumah`, `Sta`.`_Kepemilikian_rumah`, `Sumber_air`, `Ibu_Hamil_/_Menyusui`, `Lansia`, `Jml_Tanggungan_Anak`, `Jenis_Dinding`, `Jenis_Lantai`, `Jenis_Atap`, `Kelas_Keputusan`) VALUES (:Alternatif_id:, :Penghasilan:, :Luas_Rumah:, :Sta._Kepemilikian_rumah:, :Sumber_air:, :Ibu_Hamil_/_Menyusui:, :Lansia:, :Jml_Tanggungan_Anak:, :Jenis_Dinding:, :Jenis_Lantai:, :Jenis_Atap:, :Kelas_Keputusan:)', [...], false)
 5 SYSTEMPATH\Model.php(278): CodeIgniter\Database\BaseBuilder->insert()
 6 SYSTEMPATH\BaseModel.php(738): CodeIgniter\Model->doInsert([...])
 7 SYSTEMPATH\Model.php(666): CodeIgniter\BaseModel->insert([...], true)
 8 APPPATH\Models\PeopleValueModel.php(48): CodeIgniter\Model->insert([...])
 9 APPPATH\Controllers\ManipulasiDataPendudukValue.php(103): App\Models\PeopleValueModel->create()
10 SYSTEMPATH\CodeIgniter.php(898): App\Controllers\ManipulasiDataPendudukValue->create()
11 SYSTEMPATH\CodeIgniter.php(468): CodeIgniter\CodeIgniter->runController(Object(App\Controllers\ManipulasiDataPendudukValue))
12 SYSTEMPATH\CodeIgniter.php(351): CodeIgniter\CodeIgniter->handleRequest(null, Object(Config\Cache), false)
13 FCPATH\index.php(55): CodeIgniter\CodeIgniter->run()
14 SYSTEMPATH\Commands\Server\rewrite.php(43): require_once('FCPATH\\index.php')
ERROR - 2022-06-10 23:32:42 --> Unknown column 'Sta._Kepemilikan_rumah' in 'field list'
CRITICAL - 2022-06-10 23:32:42 --> Unknown column 'Sta._Kepemilikan_rumah' in 'field list'
in SYSTEMPATH\Database\MySQLi\Connection.php on line 292.
 1 SYSTEMPATH\Database\MySQLi\Connection.php(292): mysqli->query('INSERT IGNORE INTO `data_penduduk_value` (`Alternatif_id`, `Penghasilan`, `Luas_Rumah`, `Sta`.`_Kepemilikan_rumah`, `Sumber_air`, `Ibu_Hamil_/_Menyusui`, `Lansia`, `Jml_Tanggungan_Anak`, `Jenis_Dinding`, `Jenis_Lantai`, `Jenis_Atap`, `Kelas_Keputusan`) VALUES (\'AL14\', \'Tidak Bekerja\', \'48 m2\', \'Milik Sendiri\', \'PDAM\', \'Tidak Ada\', \'Tidak Ada\', \'0\', \'Papan / Kayu\', \'Keramik\', \'Genteng\', \'Layak (chair)\')', 0)
 2 SYSTEMPATH\Database\BaseConnection.php(678): CodeIgniter\Database\MySQLi\Connection->execute('INSERT IGNORE INTO `data_penduduk_value` (`Alternatif_id`, `Penghasilan`, `Luas_Rumah`, `Sta`.`_Kepemilikan_rumah`, `Sumber_air`, `Ibu_Hamil_/_Menyusui`, `Lansia`, `Jml_Tanggungan_Anak`, `Jenis_Dinding`, `Jenis_Lantai`, `Jenis_Atap`, `Kelas_Keputusan`) VALUES (\'AL14\', \'Tidak Bekerja\', \'48 m2\', \'Milik Sendiri\', \'PDAM\', \'Tidak Ada\', \'Tidak Ada\', \'0\', \'Papan / Kayu\', \'Keramik\', \'Genteng\', \'Layak (chair)\')')
 3 SYSTEMPATH\Database\BaseConnection.php(606): CodeIgniter\Database\BaseConnection->simpleQuery('INSERT IGNORE INTO `data_penduduk_value` (`Alternatif_id`, `Penghasilan`, `Luas_Rumah`, `Sta`.`_Kepemilikan_rumah`, `Sumber_air`, `Ibu_Hamil_/_Menyusui`, `Lansia`, `Jml_Tanggungan_Anak`, `Jenis_Dinding`, `Jenis_Lantai`, `Jenis_Atap`, `Kelas_Keputusan`) VALUES (\'AL14\', \'Tidak Bekerja\', \'48 m2\', \'Milik Sendiri\', \'PDAM\', \'Tidak Ada\', \'Tidak Ada\', \'0\', \'Papan / Kayu\', \'Keramik\', \'Genteng\', \'Layak (chair)\')')
 4 SYSTEMPATH\Database\BaseBuilder.php(1904): CodeIgniter\Database\BaseConnection->query('INSERT IGNORE INTO `data_penduduk_value` (`Alternatif_id`, `Penghasilan`, `Luas_Rumah`, `Sta`.`_Kepemilikan_rumah`, `Sumber_air`, `Ibu_Hamil_/_Menyusui`, `Lansia`, `Jml_Tanggungan_Anak`, `Jenis_Dinding`, `Jenis_Lantai`, `Jenis_Atap`, `Kelas_Keputusan`) VALUES (:Alternatif_id:, :Penghasilan:, :Luas_Rumah:, :Sta._Kepemilikan_rumah:, :Sumber_air:, :Ibu_Hamil_/_Menyusui:, :Lansia:, :Jml_Tanggungan_Anak:, :Jenis_Dinding:, :Jenis_Lantai:, :Jenis_Atap:, :Kelas_Keputusan:)', [...], false)
 5 SYSTEMPATH\Model.php(278): CodeIgniter\Database\BaseBuilder->insert()
 6 SYSTEMPATH\BaseModel.php(738): CodeIgniter\Model->doInsert([...])
 7 SYSTEMPATH\Model.php(666): CodeIgniter\BaseModel->insert([...], true)
 8 APPPATH\Models\PeopleValueModel.php(48): CodeIgniter\Model->insert([...])
 9 APPPATH\Controllers\ManipulasiDataPendudukValue.php(103): App\Models\PeopleValueModel->create()
10 SYSTEMPATH\CodeIgniter.php(898): App\Controllers\ManipulasiDataPendudukValue->create()
11 SYSTEMPATH\CodeIgniter.php(468): CodeIgniter\CodeIgniter->runController(Object(App\Controllers\ManipulasiDataPendudukValue))
12 SYSTEMPATH\CodeIgniter.php(351): CodeIgniter\CodeIgniter->handleRequest(null, Object(Config\Cache), false)
13 FCPATH\index.php(55): CodeIgniter\CodeIgniter->run()
14 SYSTEMPATH\Commands\Server\rewrite.php(43): require_once('FCPATH\\index.php')
ERROR - 2022-06-10 23:34:01 --> Unknown column 'Sta._Rumah' in 'field list'
CRITICAL - 2022-06-10 23:34:01 --> Unknown column 'Sta._Rumah' in 'field list'
in SYSTEMPATH\Database\MySQLi\Connection.php on line 292.
 1 SYSTEMPATH\Database\MySQLi\Connection.php(292): mysqli->query('INSERT IGNORE INTO `data_penduduk_value` (`Alternatif_id`, `Penghasilan`, `Luas_Rumah`, `Sta`.`_Rumah`, `Sumber_air`, `Ibu_Hamil_/_Menyusui`, `Lansia`, `Jml_Tanggungan_Anak`, `Jenis_Dinding`, `Jenis_Lantai`, `Jenis_Atap`, `Kelas_Keputusan`) VALUES (\'AL14\', \'Tidak Bekerja\', \'48 m2\', \'Milik Sendiri\', \'PDAM\', \'Tidak Ada\', \'Tidak Ada\', \'0\', \'Papan / Kayu\', \'Keramik\', \'Genteng\', \'Layak (chair)\')', 0)
 2 SYSTEMPATH\Database\BaseConnection.php(678): CodeIgniter\Database\MySQLi\Connection->execute('INSERT IGNORE INTO `data_penduduk_value` (`Alternatif_id`, `Penghasilan`, `Luas_Rumah`, `Sta`.`_Rumah`, `Sumber_air`, `Ibu_Hamil_/_Menyusui`, `Lansia`, `Jml_Tanggungan_Anak`, `Jenis_Dinding`, `Jenis_Lantai`, `Jenis_Atap`, `Kelas_Keputusan`) VALUES (\'AL14\', \'Tidak Bekerja\', \'48 m2\', \'Milik Sendiri\', \'PDAM\', \'Tidak Ada\', \'Tidak Ada\', \'0\', \'Papan / Kayu\', \'Keramik\', \'Genteng\', \'Layak (chair)\')')
 3 SYSTEMPATH\Database\BaseConnection.php(606): CodeIgniter\Database\BaseConnection->simpleQuery('INSERT IGNORE INTO `data_penduduk_value` (`Alternatif_id`, `Penghasilan`, `Luas_Rumah`, `Sta`.`_Rumah`, `Sumber_air`, `Ibu_Hamil_/_Menyusui`, `Lansia`, `Jml_Tanggungan_Anak`, `Jenis_Dinding`, `Jenis_Lantai`, `Jenis_Atap`, `Kelas_Keputusan`) VALUES (\'AL14\', \'Tidak Bekerja\', \'48 m2\', \'Milik Sendiri\', \'PDAM\', \'Tidak Ada\', \'Tidak Ada\', \'0\', \'Papan / Kayu\', \'Keramik\', \'Genteng\', \'Layak (chair)\')')
 4 SYSTEMPATH\Database\BaseBuilder.php(1904): CodeIgniter\Database\BaseConnection->query('INSERT IGNORE INTO `data_penduduk_value` (`Alternatif_id`, `Penghasilan`, `Luas_Rumah`, `Sta`.`_Rumah`, `Sumber_air`, `Ibu_Hamil_/_Menyusui`, `Lansia`, `Jml_Tanggungan_Anak`, `Jenis_Dinding`, `Jenis_Lantai`, `Jenis_Atap`, `Kelas_Keputusan`) VALUES (:Alternatif_id:, :Penghasilan:, :Luas_Rumah:, :Sta._Rumah:, :Sumber_air:, :Ibu_Hamil_/_Menyusui:, :Lansia:, :Jml_Tanggungan_Anak:, :Jenis_Dinding:, :Jenis_Lantai:, :Jenis_Atap:, :Kelas_Keputusan:)', [...], false)
 5 SYSTEMPATH\Model.php(278): CodeIgniter\Database\BaseBuilder->insert()
 6 SYSTEMPATH\BaseModel.php(738): CodeIgniter\Model->doInsert([...])
 7 SYSTEMPATH\Model.php(666): CodeIgniter\BaseModel->insert([...], true)
 8 APPPATH\Models\PeopleValueModel.php(48): CodeIgniter\Model->insert([...])
 9 APPPATH\Controllers\ManipulasiDataPendudukValue.php(103): App\Models\PeopleValueModel->create()
10 SYSTEMPATH\CodeIgniter.php(898): App\Controllers\ManipulasiDataPendudukValue->create()
11 SYSTEMPATH\CodeIgniter.php(468): CodeIgniter\CodeIgniter->runController(Object(App\Controllers\ManipulasiDataPendudukValue))
12 SYSTEMPATH\CodeIgniter.php(351): CodeIgniter\CodeIgniter->handleRequest(null, Object(Config\Cache), false)
13 FCPATH\index.php(55): CodeIgniter\CodeIgniter->run()
14 SYSTEMPATH\Commands\Server\rewrite.php(43): require_once('FCPATH\\index.php')
CRITICAL - 2022-06-10 23:35:05 --> Allowed fields must be specified for model: App\Models\PeopleValueModel
in SYSTEMPATH\BaseModel.php on line 1138.
 1 SYSTEMPATH\BaseModel.php(1138): CodeIgniter\Database\Exceptions\DataException::forInvalidAllowedFields('App\\Models\\PeopleValueModel')
 2 SYSTEMPATH\BaseModel.php(713): CodeIgniter\BaseModel->doProtectFields([...])
 3 SYSTEMPATH\Model.php(666): CodeIgniter\BaseModel->insert([...], true)
 4 APPPATH\Models\PeopleValueModel.php(48): CodeIgniter\Model->insert([...])
 5 APPPATH\Controllers\ManipulasiDataPendudukValue.php(103): App\Models\PeopleValueModel->create()
 6 SYSTEMPATH\CodeIgniter.php(898): App\Controllers\ManipulasiDataPendudukValue->create()
 7 SYSTEMPATH\CodeIgniter.php(468): CodeIgniter\CodeIgniter->runController(Object(App\Controllers\ManipulasiDataPendudukValue))
 8 SYSTEMPATH\CodeIgniter.php(351): CodeIgniter\CodeIgniter->handleRequest(null, Object(Config\Cache), false)
 9 FCPATH\index.php(55): CodeIgniter\CodeIgniter->run()
10 SYSTEMPATH\Commands\Server\rewrite.php(43): require_once('FCPATH\\index.php')
ERROR - 2022-06-10 23:35:34 --> Unknown column 'Sta._Rumah' in 'field list'
CRITICAL - 2022-06-10 23:35:34 --> Unknown column 'Sta._Rumah' in 'field list'
in SYSTEMPATH\Database\MySQLi\Connection.php on line 292.
 1 SYSTEMPATH\Database\MySQLi\Connection.php(292): mysqli->query('INSERT IGNORE INTO `data_penduduk_value` (`Alternatif_id`, `Penghasilan`, `Luas_Rumah`, `Sta`.`_Rumah`, `Sumber_air`, `Ibu_Hamil_/_Menyusui`, `Lansia`, `Jml_Tanggungan_Anak`, `Jenis_Dinding`, `Jenis_Lantai`, `Jenis_Atap`, `Kelas_Keputusan`) VALUES (\'AL14\', \'Tidak Bekerja\', \'48 m2\', \'Milik Sendiri\', \'PDAM\', \'Tidak Ada\', \'Tidak Ada\', \'0\', \'Papan / Kayu\', \'Keramik\', \'Genteng\', \'Layak (chair)\')', 0)
 2 SYSTEMPATH\Database\BaseConnection.php(678): CodeIgniter\Database\MySQLi\Connection->execute('INSERT IGNORE INTO `data_penduduk_value` (`Alternatif_id`, `Penghasilan`, `Luas_Rumah`, `Sta`.`_Rumah`, `Sumber_air`, `Ibu_Hamil_/_Menyusui`, `Lansia`, `Jml_Tanggungan_Anak`, `Jenis_Dinding`, `Jenis_Lantai`, `Jenis_Atap`, `Kelas_Keputusan`) VALUES (\'AL14\', \'Tidak Bekerja\', \'48 m2\', \'Milik Sendiri\', \'PDAM\', \'Tidak Ada\', \'Tidak Ada\', \'0\', \'Papan / Kayu\', \'Keramik\', \'Genteng\', \'Layak (chair)\')')
 3 SYSTEMPATH\Database\BaseConnection.php(606): CodeIgniter\Database\BaseConnection->simpleQuery('INSERT IGNORE INTO `data_penduduk_value` (`Alternatif_id`, `Penghasilan`, `Luas_Rumah`, `Sta`.`_Rumah`, `Sumber_air`, `Ibu_Hamil_/_Menyusui`, `Lansia`, `Jml_Tanggungan_Anak`, `Jenis_Dinding`, `Jenis_Lantai`, `Jenis_Atap`, `Kelas_Keputusan`) VALUES (\'AL14\', \'Tidak Bekerja\', \'48 m2\', \'Milik Sendiri\', \'PDAM\', \'Tidak Ada\', \'Tidak Ada\', \'0\', \'Papan / Kayu\', \'Keramik\', \'Genteng\', \'Layak (chair)\')')
 4 SYSTEMPATH\Database\BaseBuilder.php(1904): CodeIgniter\Database\BaseConnection->query('INSERT IGNORE INTO `data_penduduk_value` (`Alternatif_id`, `Penghasilan`, `Luas_Rumah`, `Sta`.`_Rumah`, `Sumber_air`, `Ibu_Hamil_/_Menyusui`, `Lansia`, `Jml_Tanggungan_Anak`, `Jenis_Dinding`, `Jenis_Lantai`, `Jenis_Atap`, `Kelas_Keputusan`) VALUES (:Alternatif_id:, :Penghasilan:, :Luas_Rumah:, :Sta._Rumah:, :Sumber_air:, :Ibu_Hamil_/_Menyusui:, :Lansia:, :Jml_Tanggungan_Anak:, :Jenis_Dinding:, :Jenis_Lantai:, :Jenis_Atap:, :Kelas_Keputusan:)', [...], false)
 5 SYSTEMPATH\Model.php(278): CodeIgniter\Database\BaseBuilder->insert()
 6 SYSTEMPATH\BaseModel.php(738): CodeIgniter\Model->doInsert([...])
 7 SYSTEMPATH\Model.php(666): CodeIgniter\BaseModel->insert([...], true)
 8 APPPATH\Models\PeopleValueModel.php(48): CodeIgniter\Model->insert([...])
 9 APPPATH\Controllers\ManipulasiDataPendudukValue.php(103): App\Models\PeopleValueModel->create()
10 SYSTEMPATH\CodeIgniter.php(898): App\Controllers\ManipulasiDataPendudukValue->create()
11 SYSTEMPATH\CodeIgniter.php(468): CodeIgniter\CodeIgniter->runController(Object(App\Controllers\ManipulasiDataPendudukValue))
12 SYSTEMPATH\CodeIgniter.php(351): CodeIgniter\CodeIgniter->handleRequest(null, Object(Config\Cache), false)
13 FCPATH\index.php(55): CodeIgniter\CodeIgniter->run()
14 SYSTEMPATH\Commands\Server\rewrite.php(43): require_once('FCPATH\\index.php')
ERROR - 2022-06-10 23:36:26 --> Unknown column 'Sta._Rumah' in 'field list'
CRITICAL - 2022-06-10 23:36:26 --> Unknown column 'Sta._Rumah' in 'field list'
in SYSTEMPATH\Database\MySQLi\Connection.php on line 292.
 1 SYSTEMPATH\Database\MySQLi\Connection.php(292): mysqli->query('INSERT IGNORE INTO `data_penduduk_value` (`Alternatif_id`, `Penghasilan`, `Luas_Rumah`, `Sta`.`_Rumah`, `Sumber_air`, `Ibu_Hamil_/_Menyusui`, `Lansia`, `Jml_Tanggungan_Anak`, `Jenis_Dinding`, `Jenis_Lantai`, `Jenis_Atap`, `Kelas_Keputusan`) VALUES (\'AL14\', \'Tidak Bekerja\', \'48 m2\', \'Milik Sendiri\', \'PDAM\', \'Tidak Ada\', \'Tidak Ada\', \'0\', \'Papan / Kayu\', \'Keramik\', \'Genteng\', \'Layak (chair)\')', 0)
 2 SYSTEMPATH\Database\BaseConnection.php(678): CodeIgniter\Database\MySQLi\Connection->execute('INSERT IGNORE INTO `data_penduduk_value` (`Alternatif_id`, `Penghasilan`, `Luas_Rumah`, `Sta`.`_Rumah`, `Sumber_air`, `Ibu_Hamil_/_Menyusui`, `Lansia`, `Jml_Tanggungan_Anak`, `Jenis_Dinding`, `Jenis_Lantai`, `Jenis_Atap`, `Kelas_Keputusan`) VALUES (\'AL14\', \'Tidak Bekerja\', \'48 m2\', \'Milik Sendiri\', \'PDAM\', \'Tidak Ada\', \'Tidak Ada\', \'0\', \'Papan / Kayu\', \'Keramik\', \'Genteng\', \'Layak (chair)\')')
 3 SYSTEMPATH\Database\BaseConnection.php(606): CodeIgniter\Database\BaseConnection->simpleQuery('INSERT IGNORE INTO `data_penduduk_value` (`Alternatif_id`, `Penghasilan`, `Luas_Rumah`, `Sta`.`_Rumah`, `Sumber_air`, `Ibu_Hamil_/_Menyusui`, `Lansia`, `Jml_Tanggungan_Anak`, `Jenis_Dinding`, `Jenis_Lantai`, `Jenis_Atap`, `Kelas_Keputusan`) VALUES (\'AL14\', \'Tidak Bekerja\', \'48 m2\', \'Milik Sendiri\', \'PDAM\', \'Tidak Ada\', \'Tidak Ada\', \'0\', \'Papan / Kayu\', \'Keramik\', \'Genteng\', \'Layak (chair)\')')
 4 SYSTEMPATH\Database\BaseBuilder.php(1904): CodeIgniter\Database\BaseConnection->query('INSERT IGNORE INTO `data_penduduk_value` (`Alternatif_id`, `Penghasilan`, `Luas_Rumah`, `Sta`.`_Rumah`, `Sumber_air`, `Ibu_Hamil_/_Menyusui`, `Lansia`, `Jml_Tanggungan_Anak`, `Jenis_Dinding`, `Jenis_Lantai`, `Jenis_Atap`, `Kelas_Keputusan`) VALUES (:Alternatif_id:, :Penghasilan:, :Luas_Rumah:, :Sta._Rumah:, :Sumber_air:, :Ibu_Hamil_/_Menyusui:, :Lansia:, :Jml_Tanggungan_Anak:, :Jenis_Dinding:, :Jenis_Lantai:, :Jenis_Atap:, :Kelas_Keputusan:)', [...], false)
 5 SYSTEMPATH\Model.php(278): CodeIgniter\Database\BaseBuilder->insert()
 6 SYSTEMPATH\BaseModel.php(738): CodeIgniter\Model->doInsert([...])
 7 SYSTEMPATH\Model.php(666): CodeIgniter\BaseModel->insert([...], true)
 8 APPPATH\Models\PeopleValueModel.php(48): CodeIgniter\Model->insert([...])
 9 APPPATH\Controllers\ManipulasiDataPendudukValue.php(103): App\Models\PeopleValueModel->create()
10 SYSTEMPATH\CodeIgniter.php(898): App\Controllers\ManipulasiDataPendudukValue->create()
11 SYSTEMPATH\CodeIgniter.php(468): CodeIgniter\CodeIgniter->runController(Object(App\Controllers\ManipulasiDataPendudukValue))
12 SYSTEMPATH\CodeIgniter.php(351): CodeIgniter\CodeIgniter->handleRequest(null, Object(Config\Cache), false)
13 FCPATH\index.php(55): CodeIgniter\CodeIgniter->run()
14 SYSTEMPATH\Commands\Server\rewrite.php(43): require_once('FCPATH\\index.php')
CRITICAL - 2022-06-10 23:37:47 --> Undefined array key "Data Pendudukid"
in APPPATH\Views\pages\dataCriteriaPenduduk.php on line 46.
 1 APPPATH\Views\pages\dataCriteriaPenduduk.php(46): CodeIgniter\Debug\Exceptions->errorHandler(2, 'Undefined array key "Data Pendudukid"', 'APPPATH\\Views\\pages\\dataCriteriaPenduduk.php', 46)
 2 SYSTEMPATH\View\View.php(213): include('APPPATH\\Views\\pages\\dataCriteriaPenduduk.php')
 3 SYSTEMPATH\View\View.php(216): CodeIgniter\View\View->CodeIgniter\View\{closure}()
 4 SYSTEMPATH\Common.php(1135): CodeIgniter\View\View->render('pages/dataCriteriaPenduduk', [], true)
 5 APPPATH\Controllers\Page.php(41): view('pages/dataCriteriaPenduduk', [...])
 6 SYSTEMPATH\CodeIgniter.php(898): App\Controllers\Page->datacriteriapenduduk()
 7 SYSTEMPATH\CodeIgniter.php(468): CodeIgniter\CodeIgniter->runController(Object(App\Controllers\Page))
 8 SYSTEMPATH\CodeIgniter.php(351): CodeIgniter\CodeIgniter->handleRequest(null, Object(Config\Cache), false)
 9 FCPATH\index.php(55): CodeIgniter\CodeIgniter->run()
10 SYSTEMPATH\Commands\Server\rewrite.php(43): require_once('FCPATH\\index.php')
CRITICAL - 2022-06-10 23:37:53 --> Undefined array key "Data Pendudukid"
in APPPATH\Views\pages\dataCriteriaPenduduk.php on line 46.
 1 APPPATH\Views\pages\dataCriteriaPenduduk.php(46): CodeIgniter\Debug\Exceptions->errorHandler(2, 'Undefined array key "Data Pendudukid"', 'APPPATH\\Views\\pages\\dataCriteriaPenduduk.php', 46)
 2 SYSTEMPATH\View\View.php(213): include('APPPATH\\Views\\pages\\dataCriteriaPenduduk.php')
 3 SYSTEMPATH\View\View.php(216): CodeIgniter\View\View->CodeIgniter\View\{closure}()
 4 SYSTEMPATH\Common.php(1135): CodeIgniter\View\View->render('pages/dataCriteriaPenduduk', [], true)
 5 APPPATH\Controllers\Page.php(41): view('pages/dataCriteriaPenduduk', [...])
 6 SYSTEMPATH\CodeIgniter.php(898): App\Controllers\Page->datacriteriapenduduk()
 7 SYSTEMPATH\CodeIgniter.php(468): CodeIgniter\CodeIgniter->runController(Object(App\Controllers\Page))
 8 SYSTEMPATH\CodeIgniter.php(351): CodeIgniter\CodeIgniter->handleRequest(null, Object(Config\Cache), false)
 9 FCPATH\index.php(55): CodeIgniter\CodeIgniter->run()
10 SYSTEMPATH\Commands\Server\rewrite.php(43): require_once('FCPATH\\index.php')
CRITICAL - 2022-06-10 23:38:06 --> Undefined array key "Data Pendudukid"
in APPPATH\Views\pages\dataCriteriaPenduduk.php on line 46.
 1 APPPATH\Views\pages\dataCriteriaPenduduk.php(46): CodeIgniter\Debug\Exceptions->errorHandler(2, 'Undefined array key "Data Pendudukid"', 'APPPATH\\Views\\pages\\dataCriteriaPenduduk.php', 46)
 2 SYSTEMPATH\View\View.php(213): include('APPPATH\\Views\\pages\\dataCriteriaPenduduk.php')
 3 SYSTEMPATH\View\View.php(216): CodeIgniter\View\View->CodeIgniter\View\{closure}()
 4 SYSTEMPATH\Common.php(1135): CodeIgniter\View\View->render('pages/dataCriteriaPenduduk', [], true)
 5 APPPATH\Controllers\Page.php(41): view('pages/dataCriteriaPenduduk', [...])
 6 SYSTEMPATH\CodeIgniter.php(898): App\Controllers\Page->datacriteriapenduduk()
 7 SYSTEMPATH\CodeIgniter.php(468): CodeIgniter\CodeIgniter->runController(Object(App\Controllers\Page))
 8 SYSTEMPATH\CodeIgniter.php(351): CodeIgniter\CodeIgniter->handleRequest(null, Object(Config\Cache), false)
 9 FCPATH\index.php(55): CodeIgniter\CodeIgniter->run()
10 SYSTEMPATH\Commands\Server\rewrite.php(43): require_once('FCPATH\\index.php')
ERROR - 2022-06-10 23:40:57 --> Unknown column 'Sta._Rumah' in 'field list'
CRITICAL - 2022-06-10 23:40:57 --> Unknown column 'Sta._Rumah' in 'field list'
in SYSTEMPATH\Database\MySQLi\Connection.php on line 292.
 1 SYSTEMPATH\Database\MySQLi\Connection.php(292): mysqli->query('INSERT IGNORE INTO `data_penduduk_value` (`Alternatif_id`, `Penghasilan`, `Luas_Rumah`, `Sta`.`_Rumah`, `Sumber_air`, `Ibu_Hamil_/_Menyusui`, `Lansia`, `Jml_Tanggungan_Anak`, `Jenis_Dinding`, `Jenis_Lantai`, `Jenis_Atap`, `Kelas_Keputusan`) VALUES (\'AL14\', \'Tidak Bekerja\', \'48 m2\', \'Milik Sendiri\', \'PDAM\', \'Tidak Ada\', \'Tidak Ada\', \'0\', \'Papan / Kayu\', \'Keramik\', \'Genteng\', \'Layak (chair)\')', 0)
 2 SYSTEMPATH\Database\BaseConnection.php(678): CodeIgniter\Database\MySQLi\Connection->execute('INSERT IGNORE INTO `data_penduduk_value` (`Alternatif_id`, `Penghasilan`, `Luas_Rumah`, `Sta`.`_Rumah`, `Sumber_air`, `Ibu_Hamil_/_Menyusui`, `Lansia`, `Jml_Tanggungan_Anak`, `Jenis_Dinding`, `Jenis_Lantai`, `Jenis_Atap`, `Kelas_Keputusan`) VALUES (\'AL14\', \'Tidak Bekerja\', \'48 m2\', \'Milik Sendiri\', \'PDAM\', \'Tidak Ada\', \'Tidak Ada\', \'0\', \'Papan / Kayu\', \'Keramik\', \'Genteng\', \'Layak (chair)\')')
 3 SYSTEMPATH\Database\BaseConnection.php(606): CodeIgniter\Database\BaseConnection->simpleQuery('INSERT IGNORE INTO `data_penduduk_value` (`Alternatif_id`, `Penghasilan`, `Luas_Rumah`, `Sta`.`_Rumah`, `Sumber_air`, `Ibu_Hamil_/_Menyusui`, `Lansia`, `Jml_Tanggungan_Anak`, `Jenis_Dinding`, `Jenis_Lantai`, `Jenis_Atap`, `Kelas_Keputusan`) VALUES (\'AL14\', \'Tidak Bekerja\', \'48 m2\', \'Milik Sendiri\', \'PDAM\', \'Tidak Ada\', \'Tidak Ada\', \'0\', \'Papan / Kayu\', \'Keramik\', \'Genteng\', \'Layak (chair)\')')
 4 SYSTEMPATH\Database\BaseBuilder.php(1904): CodeIgniter\Database\BaseConnection->query('INSERT IGNORE INTO `data_penduduk_value` (`Alternatif_id`, `Penghasilan`, `Luas_Rumah`, `Sta`.`_Rumah`, `Sumber_air`, `Ibu_Hamil_/_Menyusui`, `Lansia`, `Jml_Tanggungan_Anak`, `Jenis_Dinding`, `Jenis_Lantai`, `Jenis_Atap`, `Kelas_Keputusan`) VALUES (:Alternatif_id:, :Penghasilan:, :Luas_Rumah:, :Sta._Rumah:, :Sumber_air:, :Ibu_Hamil_/_Menyusui:, :Lansia:, :Jml_Tanggungan_Anak:, :Jenis_Dinding:, :Jenis_Lantai:, :Jenis_Atap:, :Kelas_Keputusan:)', [...], false)
 5 SYSTEMPATH\Model.php(278): CodeIgniter\Database\BaseBuilder->insert()
 6 SYSTEMPATH\BaseModel.php(738): CodeIgniter\Model->doInsert([...])
 7 SYSTEMPATH\Model.php(666): CodeIgniter\BaseModel->insert([...], true)
 8 APPPATH\Models\PeopleValueModel.php(48): CodeIgniter\Model->insert([...])
 9 APPPATH\Controllers\ManipulasiDataPendudukValue.php(103): App\Models\PeopleValueModel->create()
10 SYSTEMPATH\CodeIgniter.php(898): App\Controllers\ManipulasiDataPendudukValue->create()
11 SYSTEMPATH\CodeIgniter.php(468): CodeIgniter\CodeIgniter->runController(Object(App\Controllers\ManipulasiDataPendudukValue))
12 SYSTEMPATH\CodeIgniter.php(351): CodeIgniter\CodeIgniter->handleRequest(null, Object(Config\Cache), false)
13 FCPATH\index.php(55): CodeIgniter\CodeIgniter->run()
14 SYSTEMPATH\Commands\Server\rewrite.php(43): require_once('FCPATH\\index.php')
